[2024-09-15 14:24:41] local.INFO: from student signup -method  index  
[2024-09-15 14:24:41] local.INFO: from student signup -method  post deleteresultSubjectMap  
[2024-09-15 14:24:47] local.INFO: from student signup -method  index  
[2024-09-15 14:24:47] local.INFO: from student signup -method  post deleteresultSubjectMap  
[2024-09-15 14:25:00] local.INFO: from student signup -method  index  
[2024-09-15 14:25:00] local.INFO: from student signup -method  post get_class_group_exam  
[2024-09-15 14:25:26] local.INFO: from student signup -method  index  
[2024-09-15 14:25:26] local.INFO: from student signup -method  post get_agency_board_university  
[2024-09-15 14:25:37] local.INFO: from student signup -method  index  
[2024-09-15 14:25:37] local.INFO: from student signup -method  post get_agency_board_qualification  
[2024-09-15 20:33:57] local.INFO: from student signup -method  index  
[2024-09-15 20:33:57] local.INFO: from student signup -method  post get_class_group_exam  
[2024-09-15 20:34:00] local.INFO: from student signup -method  index  
[2024-09-15 20:34:00] local.INFO: from student signup -method  post get_agency_board_university  
[2024-09-15 20:34:02] local.INFO: from student signup -method  index  
[2024-09-15 20:34:02] local.INFO: from student signup -method  post get_agency_board_qualification  
[2024-09-15 20:36:39] local.INFO: from student signup -method  index  
[2024-09-15 20:36:39] local.INFO: from student signup -method  post get_class_group_exam  
[2024-09-15 20:36:40] local.INFO: from student signup -method  index  
[2024-09-15 20:36:40] local.INFO: from student signup -method  post get_agency_board_university  
[2024-09-15 20:36:42] local.INFO: from student signup -method  index  
[2024-09-15 20:36:42] local.INFO: from student signup -method  post get_agency_board_qualification  
[2024-09-15 20:36:57] local.INFO: from student signup -method  index  
[2024-09-15 20:36:57] local.INFO: from student signup -method  post get_class_group_exam  
[2024-09-15 20:36:59] local.INFO: from student signup -method  index  
[2024-09-15 20:36:59] local.INFO: from student signup -method  post get_agency_board_university  
[2024-09-15 20:37:02] local.INFO: from student signup -method  index  
[2024-09-15 20:37:02] local.INFO: from student signup -method  post get_agency_board_qualification  
[2024-09-15 20:38:13] local.INFO: from student signup -method  index  
[2024-09-15 20:38:13] local.INFO: from student signup -method  post get_class_group_exam  
[2024-09-15 20:39:17] local.INFO: from student signup -method  index  
[2024-09-15 20:39:17] local.INFO: from student signup -method  post deleteresultSubjectMap  
