[2024-10-05 07:58:56] local.ERROR: Trying to access array offset on null {"exception":"[object] (ErrorException(code: 0): Trying to access array offset on null at /mnt/01D9961CD1E189D0/BWS/CareerWithoutBarrier/career-without-barrier/app/Helper/helpers.php:196)
[stacktrace]
#0 /mnt/01D9961CD1E189D0/BWS/CareerWithoutBarrier/career-without-barrier/vendor/laravel/framework/src/Illuminate/Foundation/Bootstrap/HandleExceptions.php(255): Illuminate\\Foundation\\Bootstrap\\HandleExceptions->handleError()
#1 /mnt/01D9961CD1E189D0/BWS/CareerWithoutBarrier/career-without-barrier/app/Helper/helpers.php(196): Illuminate\\Foundation\\Bootstrap\\HandleExceptions->Illuminate\\Foundation\\Bootstrap\\{closure}()
#2 /mnt/01D9961CD1E189D0/BWS/CareerWithoutBarrier/career-without-barrier/app/Http/Controllers/Api/AuthController.php(148): getStudentById()
#3 /mnt/01D9961CD1E189D0/BWS/CareerWithoutBarrier/career-without-barrier/vendor/laravel/framework/src/Illuminate/Routing/Controller.php(54): App\\Http\\Controllers\\Api\\AuthController->loginUser()
#4 /mnt/01D9961CD1E189D0/BWS/CareerWithoutBarrier/career-without-barrier/vendor/laravel/framework/src/Illuminate/Routing/ControllerDispatcher.php(43): Illuminate\\Routing\\Controller->callAction()
#5 /mnt/01D9961CD1E189D0/BWS/CareerWithoutBarrier/career-without-barrier/vendor/laravel/framework/src/Illuminate/Routing/Route.php(259): Illuminate\\Routing\\ControllerDispatcher->dispatch()
#6 /mnt/01D9961CD1E189D0/BWS/CareerWithoutBarrier/career-without-barrier/vendor/laravel/framework/src/Illuminate/Routing/Route.php(205): Illuminate\\Routing\\Route->runController()
#7 /mnt/01D9961CD1E189D0/BWS/CareerWithoutBarrier/career-without-barrier/vendor/laravel/framework/src/Illuminate/Routing/Router.php(806): Illuminate\\Routing\\Route->run()
#8 /mnt/01D9961CD1E189D0/BWS/CareerWithoutBarrier/career-without-barrier/vendor/laravel/framework/src/Illuminate/Pipeline/Pipeline.php(144): Illuminate\\Routing\\Router->Illuminate\\Routing\\{closure}()
#9 /mnt/01D9961CD1E189D0/BWS/CareerWithoutBarrier/career-without-barrier/vendor/laravel/framework/src/Illuminate/Routing/Middleware/SubstituteBindings.php(50): Illuminate\\Pipeline\\Pipeline->Illuminate\\Pipeline\\{closure}()
#10 /mnt/01D9961CD1E189D0/BWS/CareerWithoutBarrier/career-without-barrier/vendor/laravel/framework/src/Illuminate/Pipeline/Pipeline.php(183): Illuminate\\Routing\\Middleware\\SubstituteBindings->handle()
#11 /mnt/01D9961CD1E189D0/BWS/CareerWithoutBarrier/career-without-barrier/vendor/laravel/framework/src/Illuminate/Routing/Middleware/ThrottleRequests.php(159): Illuminate\\Pipeline\\Pipeline->Illuminate\\Pipeline\\{closure}()
#12 /mnt/01D9961CD1E189D0/BWS/CareerWithoutBarrier/career-without-barrier/vendor/laravel/framework/src/Illuminate/Routing/Middleware/ThrottleRequests.php(125): Illuminate\\Routing\\Middleware\\ThrottleRequests->handleRequest()
#13 /mnt/01D9961CD1E189D0/BWS/CareerWithoutBarrier/career-without-barrier/vendor/laravel/framework/src/Illuminate/Routing/Middleware/ThrottleRequests.php(87): Illuminate\\Routing\\Middleware\\ThrottleRequests->handleRequestUsingNamedLimiter()
#14 /mnt/01D9961CD1E189D0/BWS/CareerWithoutBarrier/career-without-barrier/vendor/laravel/framework/src/Illuminate/Pipeline/Pipeline.php(183): Illuminate\\Routing\\Middleware\\ThrottleRequests->handle()
#15 /mnt/01D9961CD1E189D0/BWS/CareerWithoutBarrier/career-without-barrier/vendor/laravel/framework/src/Illuminate/Pipeline/Pipeline.php(119): Illuminate\\Pipeline\\Pipeline->Illuminate\\Pipeline\\{closure}()
#16 /mnt/01D9961CD1E189D0/BWS/CareerWithoutBarrier/career-without-barrier/vendor/laravel/framework/src/Illuminate/Routing/Router.php(805): Illuminate\\Pipeline\\Pipeline->then()
#17 /mnt/01D9961CD1E189D0/BWS/CareerWithoutBarrier/career-without-barrier/vendor/laravel/framework/src/Illuminate/Routing/Router.php(784): Illuminate\\Routing\\Router->runRouteWithinStack()
#18 /mnt/01D9961CD1E189D0/BWS/CareerWithoutBarrier/career-without-barrier/vendor/laravel/framework/src/Illuminate/Routing/Router.php(748): Illuminate\\Routing\\Router->runRoute()
#19 /mnt/01D9961CD1E189D0/BWS/CareerWithoutBarrier/career-without-barrier/vendor/laravel/framework/src/Illuminate/Routing/Router.php(737): Illuminate\\Routing\\Router->dispatchToRoute()
#20 /mnt/01D9961CD1E189D0/BWS/CareerWithoutBarrier/career-without-barrier/vendor/laravel/framework/src/Illuminate/Foundation/Http/Kernel.php(200): Illuminate\\Routing\\Router->dispatch()
#21 /mnt/01D9961CD1E189D0/BWS/CareerWithoutBarrier/career-without-barrier/vendor/laravel/framework/src/Illuminate/Pipeline/Pipeline.php(144): Illuminate\\Foundation\\Http\\Kernel->Illuminate\\Foundation\\Http\\{closure}()
#22 /mnt/01D9961CD1E189D0/BWS/CareerWithoutBarrier/career-without-barrier/vendor/barryvdh/laravel-debugbar/src/Middleware/InjectDebugbar.php(66): Illuminate\\Pipeline\\Pipeline->Illuminate\\Pipeline\\{closure}()
#23 /mnt/01D9961CD1E189D0/BWS/CareerWithoutBarrier/career-without-barrier/vendor/laravel/framework/src/Illuminate/Pipeline/Pipeline.php(183): Barryvdh\\Debugbar\\Middleware\\InjectDebugbar->handle()
#24 /mnt/01D9961CD1E189D0/BWS/CareerWithoutBarrier/career-without-barrier/vendor/livewire/livewire/src/Features/SupportDisablingBackButtonCache/DisableBackButtonCacheMiddleware.php(19): Illuminate\\Pipeline\\Pipeline->Illuminate\\Pipeline\\{closure}()
#25 /mnt/01D9961CD1E189D0/BWS/CareerWithoutBarrier/career-without-barrier/vendor/laravel/framework/src/Illuminate/Pipeline/Pipeline.php(183): Livewire\\Features\\SupportDisablingBackButtonCache\\DisableBackButtonCacheMiddleware->handle()
#26 /mnt/01D9961CD1E189D0/BWS/CareerWithoutBarrier/career-without-barrier/vendor/laravel/framework/src/Illuminate/Foundation/Http/Middleware/TransformsRequest.php(21): Illuminate\\Pipeline\\Pipeline->Illuminate\\Pipeline\\{closure}()
#27 /mnt/01D9961CD1E189D0/BWS/CareerWithoutBarrier/career-without-barrier/vendor/laravel/framework/src/Illuminate/Foundation/Http/Middleware/ConvertEmptyStringsToNull.php(31): Illuminate\\Foundation\\Http\\Middleware\\TransformsRequest->handle()
#28 /mnt/01D9961CD1E189D0/BWS/CareerWithoutBarrier/career-without-barrier/vendor/laravel/framework/src/Illuminate/Pipeline/Pipeline.php(183): Illuminate\\Foundation\\Http\\Middleware\\ConvertEmptyStringsToNull->handle()
#29 /mnt/01D9961CD1E189D0/BWS/CareerWithoutBarrier/career-without-barrier/vendor/laravel/framework/src/Illuminate/Foundation/Http/Middleware/TransformsRequest.php(21): Illuminate\\Pipeline\\Pipeline->Illuminate\\Pipeline\\{closure}()
#30 /mnt/01D9961CD1E189D0/BWS/CareerWithoutBarrier/career-without-barrier/vendor/laravel/framework/src/Illuminate/Foundation/Http/Middleware/TrimStrings.php(40): Illuminate\\Foundation\\Http\\Middleware\\TransformsRequest->handle()
#31 /mnt/01D9961CD1E189D0/BWS/CareerWithoutBarrier/career-without-barrier/vendor/laravel/framework/src/Illuminate/Pipeline/Pipeline.php(183): Illuminate\\Foundation\\Http\\Middleware\\TrimStrings->handle()
#32 /mnt/01D9961CD1E189D0/BWS/CareerWithoutBarrier/career-without-barrier/vendor/laravel/framework/src/Illuminate/Foundation/Http/Middleware/ValidatePostSize.php(27): Illuminate\\Pipeline\\Pipeline->Illuminate\\Pipeline\\{closure}()
#33 /mnt/01D9961CD1E189D0/BWS/CareerWithoutBarrier/career-without-barrier/vendor/laravel/framework/src/Illuminate/Pipeline/Pipeline.php(183): Illuminate\\Foundation\\Http\\Middleware\\ValidatePostSize->handle()
#34 /mnt/01D9961CD1E189D0/BWS/CareerWithoutBarrier/career-without-barrier/vendor/laravel/framework/src/Illuminate/Foundation/Http/Middleware/PreventRequestsDuringMaintenance.php(99): Illuminate\\Pipeline\\Pipeline->Illuminate\\Pipeline\\{closure}()
#35 /mnt/01D9961CD1E189D0/BWS/CareerWithoutBarrier/career-without-barrier/vendor/laravel/framework/src/Illuminate/Pipeline/Pipeline.php(183): Illuminate\\Foundation\\Http\\Middleware\\PreventRequestsDuringMaintenance->handle()
#36 /mnt/01D9961CD1E189D0/BWS/CareerWithoutBarrier/career-without-barrier/vendor/laravel/framework/src/Illuminate/Http/Middleware/HandleCors.php(62): Illuminate\\Pipeline\\Pipeline->Illuminate\\Pipeline\\{closure}()
#37 /mnt/01D9961CD1E189D0/BWS/CareerWithoutBarrier/career-without-barrier/vendor/laravel/framework/src/Illuminate/Pipeline/Pipeline.php(183): Illuminate\\Http\\Middleware\\HandleCors->handle()
#38 /mnt/01D9961CD1E189D0/BWS/CareerWithoutBarrier/career-without-barrier/vendor/laravel/framework/src/Illuminate/Http/Middleware/TrustProxies.php(39): Illuminate\\Pipeline\\Pipeline->Illuminate\\Pipeline\\{closure}()
#39 /mnt/01D9961CD1E189D0/BWS/CareerWithoutBarrier/career-without-barrier/vendor/laravel/framework/src/Illuminate/Pipeline/Pipeline.php(183): Illuminate\\Http\\Middleware\\TrustProxies->handle()
#40 /mnt/01D9961CD1E189D0/BWS/CareerWithoutBarrier/career-without-barrier/vendor/laravel/framework/src/Illuminate/Pipeline/Pipeline.php(119): Illuminate\\Pipeline\\Pipeline->Illuminate\\Pipeline\\{closure}()
#41 /mnt/01D9961CD1E189D0/BWS/CareerWithoutBarrier/career-without-barrier/vendor/laravel/framework/src/Illuminate/Foundation/Http/Kernel.php(175): Illuminate\\Pipeline\\Pipeline->then()
#42 /mnt/01D9961CD1E189D0/BWS/CareerWithoutBarrier/career-without-barrier/vendor/laravel/framework/src/Illuminate/Foundation/Http/Kernel.php(144): Illuminate\\Foundation\\Http\\Kernel->sendRequestThroughRouter()
#43 /mnt/01D9961CD1E189D0/BWS/CareerWithoutBarrier/career-without-barrier/public/index.php(51): Illuminate\\Foundation\\Http\\Kernel->handle()
#44 /mnt/01D9961CD1E189D0/BWS/CareerWithoutBarrier/career-without-barrier/vendor/laravel/framework/src/Illuminate/Foundation/resources/server.php(16): require_once('...')
#45 {main}
"} 
[2024-10-05 08:59:03] local.DEBUG: Failed: ["[object] (Error(code: 0): Attempt to assign property \"corporate_name\" on null at /mnt/01D9961CD1E189D0/BWS/CareerWithoutBarrier/career-without-barrier/app/Http/Controllers/Api/ApplicationController.php:288)
[stacktrace]
#0 /mnt/01D9961CD1E189D0/BWS/CareerWithoutBarrier/career-without-barrier/vendor/laravel/framework/src/Illuminate/Routing/Controller.php(54): App\\Http\\Controllers\\Api\\ApplicationController->removeCoupon()
#1 /mnt/01D9961CD1E189D0/BWS/CareerWithoutBarrier/career-without-barrier/vendor/laravel/framework/src/Illuminate/Routing/ControllerDispatcher.php(43): Illuminate\\Routing\\Controller->callAction()
#2 /mnt/01D9961CD1E189D0/BWS/CareerWithoutBarrier/career-without-barrier/vendor/laravel/framework/src/Illuminate/Routing/Route.php(259): Illuminate\\Routing\\ControllerDispatcher->dispatch()
#3 /mnt/01D9961CD1E189D0/BWS/CareerWithoutBarrier/career-without-barrier/vendor/laravel/framework/src/Illuminate/Routing/Route.php(205): Illuminate\\Routing\\Route->runController()
#4 /mnt/01D9961CD1E189D0/BWS/CareerWithoutBarrier/career-without-barrier/vendor/laravel/framework/src/Illuminate/Routing/Router.php(806): Illuminate\\Routing\\Route->run()
#5 /mnt/01D9961CD1E189D0/BWS/CareerWithoutBarrier/career-without-barrier/vendor/laravel/framework/src/Illuminate/Pipeline/Pipeline.php(144): Illuminate\\Routing\\Router->Illuminate\\Routing\\{closure}()
#6 /mnt/01D9961CD1E189D0/BWS/CareerWithoutBarrier/career-without-barrier/vendor/laravel/framework/src/Illuminate/Routing/Middleware/SubstituteBindings.php(50): Illuminate\\Pipeline\\Pipeline->Illuminate\\Pipeline\\{closure}()
#7 /mnt/01D9961CD1E189D0/BWS/CareerWithoutBarrier/career-without-barrier/vendor/laravel/framework/src/Illuminate/Pipeline/Pipeline.php(183): Illuminate\\Routing\\Middleware\\SubstituteBindings->handle()
#8 /mnt/01D9961CD1E189D0/BWS/CareerWithoutBarrier/career-without-barrier/vendor/laravel/framework/src/Illuminate/Routing/Middleware/ThrottleRequests.php(159): Illuminate\\Pipeline\\Pipeline->Illuminate\\Pipeline\\{closure}()
#9 /mnt/01D9961CD1E189D0/BWS/CareerWithoutBarrier/career-without-barrier/vendor/laravel/framework/src/Illuminate/Routing/Middleware/ThrottleRequests.php(125): Illuminate\\Routing\\Middleware\\ThrottleRequests->handleRequest()
#10 /mnt/01D9961CD1E189D0/BWS/CareerWithoutBarrier/career-without-barrier/vendor/laravel/framework/src/Illuminate/Routing/Middleware/ThrottleRequests.php(87): Illuminate\\Routing\\Middleware\\ThrottleRequests->handleRequestUsingNamedLimiter()
#11 /mnt/01D9961CD1E189D0/BWS/CareerWithoutBarrier/career-without-barrier/vendor/laravel/framework/src/Illuminate/Pipeline/Pipeline.php(183): Illuminate\\Routing\\Middleware\\ThrottleRequests->handle()
#12 /mnt/01D9961CD1E189D0/BWS/CareerWithoutBarrier/career-without-barrier/vendor/laravel/framework/src/Illuminate/Auth/Middleware/Authenticate.php(57): Illuminate\\Pipeline\\Pipeline->Illuminate\\Pipeline\\{closure}()
#13 /mnt/01D9961CD1E189D0/BWS/CareerWithoutBarrier/career-without-barrier/vendor/laravel/framework/src/Illuminate/Pipeline/Pipeline.php(183): Illuminate\\Auth\\Middleware\\Authenticate->handle()
#14 /mnt/01D9961CD1E189D0/BWS/CareerWithoutBarrier/career-without-barrier/vendor/laravel/framework/src/Illuminate/Pipeline/Pipeline.php(119): Illuminate\\Pipeline\\Pipeline->Illuminate\\Pipeline\\{closure}()
#15 /mnt/01D9961CD1E189D0/BWS/CareerWithoutBarrier/career-without-barrier/vendor/laravel/framework/src/Illuminate/Routing/Router.php(805): Illuminate\\Pipeline\\Pipeline->then()
#16 /mnt/01D9961CD1E189D0/BWS/CareerWithoutBarrier/career-without-barrier/vendor/laravel/framework/src/Illuminate/Routing/Router.php(784): Illuminate\\Routing\\Router->runRouteWithinStack()
#17 /mnt/01D9961CD1E189D0/BWS/CareerWithoutBarrier/career-without-barrier/vendor/laravel/framework/src/Illuminate/Routing/Router.php(748): Illuminate\\Routing\\Router->runRoute()
#18 /mnt/01D9961CD1E189D0/BWS/CareerWithoutBarrier/career-without-barrier/vendor/laravel/framework/src/Illuminate/Routing/Router.php(737): Illuminate\\Routing\\Router->dispatchToRoute()
#19 /mnt/01D9961CD1E189D0/BWS/CareerWithoutBarrier/career-without-barrier/vendor/laravel/framework/src/Illuminate/Foundation/Http/Kernel.php(200): Illuminate\\Routing\\Router->dispatch()
#20 /mnt/01D9961CD1E189D0/BWS/CareerWithoutBarrier/career-without-barrier/vendor/laravel/framework/src/Illuminate/Pipeline/Pipeline.php(144): Illuminate\\Foundation\\Http\\Kernel->Illuminate\\Foundation\\Http\\{closure}()
#21 /mnt/01D9961CD1E189D0/BWS/CareerWithoutBarrier/career-without-barrier/vendor/barryvdh/laravel-debugbar/src/Middleware/InjectDebugbar.php(66): Illuminate\\Pipeline\\Pipeline->Illuminate\\Pipeline\\{closure}()
#22 /mnt/01D9961CD1E189D0/BWS/CareerWithoutBarrier/career-without-barrier/vendor/laravel/framework/src/Illuminate/Pipeline/Pipeline.php(183): Barryvdh\\Debugbar\\Middleware\\InjectDebugbar->handle()
#23 /mnt/01D9961CD1E189D0/BWS/CareerWithoutBarrier/career-without-barrier/vendor/livewire/livewire/src/Features/SupportDisablingBackButtonCache/DisableBackButtonCacheMiddleware.php(19): Illuminate\\Pipeline\\Pipeline->Illuminate\\Pipeline\\{closure}()
#24 /mnt/01D9961CD1E189D0/BWS/CareerWithoutBarrier/career-without-barrier/vendor/laravel/framework/src/Illuminate/Pipeline/Pipeline.php(183): Livewire\\Features\\SupportDisablingBackButtonCache\\DisableBackButtonCacheMiddleware->handle()
#25 /mnt/01D9961CD1E189D0/BWS/CareerWithoutBarrier/career-without-barrier/vendor/laravel/framework/src/Illuminate/Foundation/Http/Middleware/TransformsRequest.php(21): Illuminate\\Pipeline\\Pipeline->Illuminate\\Pipeline\\{closure}()
#26 /mnt/01D9961CD1E189D0/BWS/CareerWithoutBarrier/career-without-barrier/vendor/laravel/framework/src/Illuminate/Foundation/Http/Middleware/ConvertEmptyStringsToNull.php(31): Illuminate\\Foundation\\Http\\Middleware\\TransformsRequest->handle()
#27 /mnt/01D9961CD1E189D0/BWS/CareerWithoutBarrier/career-without-barrier/vendor/laravel/framework/src/Illuminate/Pipeline/Pipeline.php(183): Illuminate\\Foundation\\Http\\Middleware\\ConvertEmptyStringsToNull->handle()
#28 /mnt/01D9961CD1E189D0/BWS/CareerWithoutBarrier/career-without-barrier/vendor/laravel/framework/src/Illuminate/Foundation/Http/Middleware/TransformsRequest.php(21): Illuminate\\Pipeline\\Pipeline->Illuminate\\Pipeline\\{closure}()
#29 /mnt/01D9961CD1E189D0/BWS/CareerWithoutBarrier/career-without-barrier/vendor/laravel/framework/src/Illuminate/Foundation/Http/Middleware/TrimStrings.php(40): Illuminate\\Foundation\\Http\\Middleware\\TransformsRequest->handle()
#30 /mnt/01D9961CD1E189D0/BWS/CareerWithoutBarrier/career-without-barrier/vendor/laravel/framework/src/Illuminate/Pipeline/Pipeline.php(183): Illuminate\\Foundation\\Http\\Middleware\\TrimStrings->handle()
#31 /mnt/01D9961CD1E189D0/BWS/CareerWithoutBarrier/career-without-barrier/vendor/laravel/framework/src/Illuminate/Foundation/Http/Middleware/ValidatePostSize.php(27): Illuminate\\Pipeline\\Pipeline->Illuminate\\Pipeline\\{closure}()
#32 /mnt/01D9961CD1E189D0/BWS/CareerWithoutBarrier/career-without-barrier/vendor/laravel/framework/src/Illuminate/Pipeline/Pipeline.php(183): Illuminate\\Foundation\\Http\\Middleware\\ValidatePostSize->handle()
#33 /mnt/01D9961CD1E189D0/BWS/CareerWithoutBarrier/career-without-barrier/vendor/laravel/framework/src/Illuminate/Foundation/Http/Middleware/PreventRequestsDuringMaintenance.php(99): Illuminate\\Pipeline\\Pipeline->Illuminate\\Pipeline\\{closure}()
#34 /mnt/01D9961CD1E189D0/BWS/CareerWithoutBarrier/career-without-barrier/vendor/laravel/framework/src/Illuminate/Pipeline/Pipeline.php(183): Illuminate\\Foundation\\Http\\Middleware\\PreventRequestsDuringMaintenance->handle()
#35 /mnt/01D9961CD1E189D0/BWS/CareerWithoutBarrier/career-without-barrier/vendor/laravel/framework/src/Illuminate/Http/Middleware/HandleCors.php(62): Illuminate\\Pipeline\\Pipeline->Illuminate\\Pipeline\\{closure}()
#36 /mnt/01D9961CD1E189D0/BWS/CareerWithoutBarrier/career-without-barrier/vendor/laravel/framework/src/Illuminate/Pipeline/Pipeline.php(183): Illuminate\\Http\\Middleware\\HandleCors->handle()
#37 /mnt/01D9961CD1E189D0/BWS/CareerWithoutBarrier/career-without-barrier/vendor/laravel/framework/src/Illuminate/Http/Middleware/TrustProxies.php(39): Illuminate\\Pipeline\\Pipeline->Illuminate\\Pipeline\\{closure}()
#38 /mnt/01D9961CD1E189D0/BWS/CareerWithoutBarrier/career-without-barrier/vendor/laravel/framework/src/Illuminate/Pipeline/Pipeline.php(183): Illuminate\\Http\\Middleware\\TrustProxies->handle()
#39 /mnt/01D9961CD1E189D0/BWS/CareerWithoutBarrier/career-without-barrier/vendor/laravel/framework/src/Illuminate/Pipeline/Pipeline.php(119): Illuminate\\Pipeline\\Pipeline->Illuminate\\Pipeline\\{closure}()
#40 /mnt/01D9961CD1E189D0/BWS/CareerWithoutBarrier/career-without-barrier/vendor/laravel/framework/src/Illuminate/Foundation/Http/Kernel.php(175): Illuminate\\Pipeline\\Pipeline->then()
#41 /mnt/01D9961CD1E189D0/BWS/CareerWithoutBarrier/career-without-barrier/vendor/laravel/framework/src/Illuminate/Foundation/Http/Kernel.php(144): Illuminate\\Foundation\\Http\\Kernel->sendRequestThroughRouter()
#42 /mnt/01D9961CD1E189D0/BWS/CareerWithoutBarrier/career-without-barrier/public/index.php(51): Illuminate\\Foundation\\Http\\Kernel->handle()
#43 /mnt/01D9961CD1E189D0/BWS/CareerWithoutBarrier/career-without-barrier/vendor/laravel/framework/src/Illuminate/Foundation/resources/server.php(16): require_once('...')
#44 {main}
"] 
[2024-10-05 08:59:38] local.DEBUG: Failed: ["[object] (Error(code: 0): Attempt to assign property \"corporate_name\" on null at /mnt/01D9961CD1E189D0/BWS/CareerWithoutBarrier/career-without-barrier/app/Http/Controllers/Api/ApplicationController.php:288)
[stacktrace]
#0 /mnt/01D9961CD1E189D0/BWS/CareerWithoutBarrier/career-without-barrier/vendor/laravel/framework/src/Illuminate/Routing/Controller.php(54): App\\Http\\Controllers\\Api\\ApplicationController->removeCoupon()
#1 /mnt/01D9961CD1E189D0/BWS/CareerWithoutBarrier/career-without-barrier/vendor/laravel/framework/src/Illuminate/Routing/ControllerDispatcher.php(43): Illuminate\\Routing\\Controller->callAction()
#2 /mnt/01D9961CD1E189D0/BWS/CareerWithoutBarrier/career-without-barrier/vendor/laravel/framework/src/Illuminate/Routing/Route.php(259): Illuminate\\Routing\\ControllerDispatcher->dispatch()
#3 /mnt/01D9961CD1E189D0/BWS/CareerWithoutBarrier/career-without-barrier/vendor/laravel/framework/src/Illuminate/Routing/Route.php(205): Illuminate\\Routing\\Route->runController()
#4 /mnt/01D9961CD1E189D0/BWS/CareerWithoutBarrier/career-without-barrier/vendor/laravel/framework/src/Illuminate/Routing/Router.php(806): Illuminate\\Routing\\Route->run()
#5 /mnt/01D9961CD1E189D0/BWS/CareerWithoutBarrier/career-without-barrier/vendor/laravel/framework/src/Illuminate/Pipeline/Pipeline.php(144): Illuminate\\Routing\\Router->Illuminate\\Routing\\{closure}()
#6 /mnt/01D9961CD1E189D0/BWS/CareerWithoutBarrier/career-without-barrier/vendor/laravel/framework/src/Illuminate/Routing/Middleware/SubstituteBindings.php(50): Illuminate\\Pipeline\\Pipeline->Illuminate\\Pipeline\\{closure}()
#7 /mnt/01D9961CD1E189D0/BWS/CareerWithoutBarrier/career-without-barrier/vendor/laravel/framework/src/Illuminate/Pipeline/Pipeline.php(183): Illuminate\\Routing\\Middleware\\SubstituteBindings->handle()
#8 /mnt/01D9961CD1E189D0/BWS/CareerWithoutBarrier/career-without-barrier/vendor/laravel/framework/src/Illuminate/Routing/Middleware/ThrottleRequests.php(159): Illuminate\\Pipeline\\Pipeline->Illuminate\\Pipeline\\{closure}()
#9 /mnt/01D9961CD1E189D0/BWS/CareerWithoutBarrier/career-without-barrier/vendor/laravel/framework/src/Illuminate/Routing/Middleware/ThrottleRequests.php(125): Illuminate\\Routing\\Middleware\\ThrottleRequests->handleRequest()
#10 /mnt/01D9961CD1E189D0/BWS/CareerWithoutBarrier/career-without-barrier/vendor/laravel/framework/src/Illuminate/Routing/Middleware/ThrottleRequests.php(87): Illuminate\\Routing\\Middleware\\ThrottleRequests->handleRequestUsingNamedLimiter()
#11 /mnt/01D9961CD1E189D0/BWS/CareerWithoutBarrier/career-without-barrier/vendor/laravel/framework/src/Illuminate/Pipeline/Pipeline.php(183): Illuminate\\Routing\\Middleware\\ThrottleRequests->handle()
#12 /mnt/01D9961CD1E189D0/BWS/CareerWithoutBarrier/career-without-barrier/vendor/laravel/framework/src/Illuminate/Auth/Middleware/Authenticate.php(57): Illuminate\\Pipeline\\Pipeline->Illuminate\\Pipeline\\{closure}()
#13 /mnt/01D9961CD1E189D0/BWS/CareerWithoutBarrier/career-without-barrier/vendor/laravel/framework/src/Illuminate/Pipeline/Pipeline.php(183): Illuminate\\Auth\\Middleware\\Authenticate->handle()
#14 /mnt/01D9961CD1E189D0/BWS/CareerWithoutBarrier/career-without-barrier/vendor/laravel/framework/src/Illuminate/Pipeline/Pipeline.php(119): Illuminate\\Pipeline\\Pipeline->Illuminate\\Pipeline\\{closure}()
#15 /mnt/01D9961CD1E189D0/BWS/CareerWithoutBarrier/career-without-barrier/vendor/laravel/framework/src/Illuminate/Routing/Router.php(805): Illuminate\\Pipeline\\Pipeline->then()
#16 /mnt/01D9961CD1E189D0/BWS/CareerWithoutBarrier/career-without-barrier/vendor/laravel/framework/src/Illuminate/Routing/Router.php(784): Illuminate\\Routing\\Router->runRouteWithinStack()
#17 /mnt/01D9961CD1E189D0/BWS/CareerWithoutBarrier/career-without-barrier/vendor/laravel/framework/src/Illuminate/Routing/Router.php(748): Illuminate\\Routing\\Router->runRoute()
#18 /mnt/01D9961CD1E189D0/BWS/CareerWithoutBarrier/career-without-barrier/vendor/laravel/framework/src/Illuminate/Routing/Router.php(737): Illuminate\\Routing\\Router->dispatchToRoute()
#19 /mnt/01D9961CD1E189D0/BWS/CareerWithoutBarrier/career-without-barrier/vendor/laravel/framework/src/Illuminate/Foundation/Http/Kernel.php(200): Illuminate\\Routing\\Router->dispatch()
#20 /mnt/01D9961CD1E189D0/BWS/CareerWithoutBarrier/career-without-barrier/vendor/laravel/framework/src/Illuminate/Pipeline/Pipeline.php(144): Illuminate\\Foundation\\Http\\Kernel->Illuminate\\Foundation\\Http\\{closure}()
#21 /mnt/01D9961CD1E189D0/BWS/CareerWithoutBarrier/career-without-barrier/vendor/barryvdh/laravel-debugbar/src/Middleware/InjectDebugbar.php(66): Illuminate\\Pipeline\\Pipeline->Illuminate\\Pipeline\\{closure}()
#22 /mnt/01D9961CD1E189D0/BWS/CareerWithoutBarrier/career-without-barrier/vendor/laravel/framework/src/Illuminate/Pipeline/Pipeline.php(183): Barryvdh\\Debugbar\\Middleware\\InjectDebugbar->handle()
#23 /mnt/01D9961CD1E189D0/BWS/CareerWithoutBarrier/career-without-barrier/vendor/livewire/livewire/src/Features/SupportDisablingBackButtonCache/DisableBackButtonCacheMiddleware.php(19): Illuminate\\Pipeline\\Pipeline->Illuminate\\Pipeline\\{closure}()
#24 /mnt/01D9961CD1E189D0/BWS/CareerWithoutBarrier/career-without-barrier/vendor/laravel/framework/src/Illuminate/Pipeline/Pipeline.php(183): Livewire\\Features\\SupportDisablingBackButtonCache\\DisableBackButtonCacheMiddleware->handle()
#25 /mnt/01D9961CD1E189D0/BWS/CareerWithoutBarrier/career-without-barrier/vendor/laravel/framework/src/Illuminate/Foundation/Http/Middleware/TransformsRequest.php(21): Illuminate\\Pipeline\\Pipeline->Illuminate\\Pipeline\\{closure}()
#26 /mnt/01D9961CD1E189D0/BWS/CareerWithoutBarrier/career-without-barrier/vendor/laravel/framework/src/Illuminate/Foundation/Http/Middleware/ConvertEmptyStringsToNull.php(31): Illuminate\\Foundation\\Http\\Middleware\\TransformsRequest->handle()
#27 /mnt/01D9961CD1E189D0/BWS/CareerWithoutBarrier/career-without-barrier/vendor/laravel/framework/src/Illuminate/Pipeline/Pipeline.php(183): Illuminate\\Foundation\\Http\\Middleware\\ConvertEmptyStringsToNull->handle()
#28 /mnt/01D9961CD1E189D0/BWS/CareerWithoutBarrier/career-without-barrier/vendor/laravel/framework/src/Illuminate/Foundation/Http/Middleware/TransformsRequest.php(21): Illuminate\\Pipeline\\Pipeline->Illuminate\\Pipeline\\{closure}()
#29 /mnt/01D9961CD1E189D0/BWS/CareerWithoutBarrier/career-without-barrier/vendor/laravel/framework/src/Illuminate/Foundation/Http/Middleware/TrimStrings.php(40): Illuminate\\Foundation\\Http\\Middleware\\TransformsRequest->handle()
#30 /mnt/01D9961CD1E189D0/BWS/CareerWithoutBarrier/career-without-barrier/vendor/laravel/framework/src/Illuminate/Pipeline/Pipeline.php(183): Illuminate\\Foundation\\Http\\Middleware\\TrimStrings->handle()
#31 /mnt/01D9961CD1E189D0/BWS/CareerWithoutBarrier/career-without-barrier/vendor/laravel/framework/src/Illuminate/Foundation/Http/Middleware/ValidatePostSize.php(27): Illuminate\\Pipeline\\Pipeline->Illuminate\\Pipeline\\{closure}()
#32 /mnt/01D9961CD1E189D0/BWS/CareerWithoutBarrier/career-without-barrier/vendor/laravel/framework/src/Illuminate/Pipeline/Pipeline.php(183): Illuminate\\Foundation\\Http\\Middleware\\ValidatePostSize->handle()
#33 /mnt/01D9961CD1E189D0/BWS/CareerWithoutBarrier/career-without-barrier/vendor/laravel/framework/src/Illuminate/Foundation/Http/Middleware/PreventRequestsDuringMaintenance.php(99): Illuminate\\Pipeline\\Pipeline->Illuminate\\Pipeline\\{closure}()
#34 /mnt/01D9961CD1E189D0/BWS/CareerWithoutBarrier/career-without-barrier/vendor/laravel/framework/src/Illuminate/Pipeline/Pipeline.php(183): Illuminate\\Foundation\\Http\\Middleware\\PreventRequestsDuringMaintenance->handle()
#35 /mnt/01D9961CD1E189D0/BWS/CareerWithoutBarrier/career-without-barrier/vendor/laravel/framework/src/Illuminate/Http/Middleware/HandleCors.php(62): Illuminate\\Pipeline\\Pipeline->Illuminate\\Pipeline\\{closure}()
#36 /mnt/01D9961CD1E189D0/BWS/CareerWithoutBarrier/career-without-barrier/vendor/laravel/framework/src/Illuminate/Pipeline/Pipeline.php(183): Illuminate\\Http\\Middleware\\HandleCors->handle()
#37 /mnt/01D9961CD1E189D0/BWS/CareerWithoutBarrier/career-without-barrier/vendor/laravel/framework/src/Illuminate/Http/Middleware/TrustProxies.php(39): Illuminate\\Pipeline\\Pipeline->Illuminate\\Pipeline\\{closure}()
#38 /mnt/01D9961CD1E189D0/BWS/CareerWithoutBarrier/career-without-barrier/vendor/laravel/framework/src/Illuminate/Pipeline/Pipeline.php(183): Illuminate\\Http\\Middleware\\TrustProxies->handle()
#39 /mnt/01D9961CD1E189D0/BWS/CareerWithoutBarrier/career-without-barrier/vendor/laravel/framework/src/Illuminate/Pipeline/Pipeline.php(119): Illuminate\\Pipeline\\Pipeline->Illuminate\\Pipeline\\{closure}()
#40 /mnt/01D9961CD1E189D0/BWS/CareerWithoutBarrier/career-without-barrier/vendor/laravel/framework/src/Illuminate/Foundation/Http/Kernel.php(175): Illuminate\\Pipeline\\Pipeline->then()
#41 /mnt/01D9961CD1E189D0/BWS/CareerWithoutBarrier/career-without-barrier/vendor/laravel/framework/src/Illuminate/Foundation/Http/Kernel.php(144): Illuminate\\Foundation\\Http\\Kernel->sendRequestThroughRouter()
#42 /mnt/01D9961CD1E189D0/BWS/CareerWithoutBarrier/career-without-barrier/public/index.php(51): Illuminate\\Foundation\\Http\\Kernel->handle()
#43 /mnt/01D9961CD1E189D0/BWS/CareerWithoutBarrier/career-without-barrier/vendor/laravel/framework/src/Illuminate/Foundation/resources/server.php(16): require_once('...')
#44 {main}
"] 
[2024-10-05 09:01:00] local.DEBUG: Failed: ["[object] (Error(code: 0): Attempt to assign property \"corporate_name\" on null at /mnt/01D9961CD1E189D0/BWS/CareerWithoutBarrier/career-without-barrier/app/Http/Controllers/Api/ApplicationController.php:288)
[stacktrace]
#0 /mnt/01D9961CD1E189D0/BWS/CareerWithoutBarrier/career-without-barrier/vendor/laravel/framework/src/Illuminate/Routing/Controller.php(54): App\\Http\\Controllers\\Api\\ApplicationController->removeCoupon()
#1 /mnt/01D9961CD1E189D0/BWS/CareerWithoutBarrier/career-without-barrier/vendor/laravel/framework/src/Illuminate/Routing/ControllerDispatcher.php(43): Illuminate\\Routing\\Controller->callAction()
#2 /mnt/01D9961CD1E189D0/BWS/CareerWithoutBarrier/career-without-barrier/vendor/laravel/framework/src/Illuminate/Routing/Route.php(259): Illuminate\\Routing\\ControllerDispatcher->dispatch()
#3 /mnt/01D9961CD1E189D0/BWS/CareerWithoutBarrier/career-without-barrier/vendor/laravel/framework/src/Illuminate/Routing/Route.php(205): Illuminate\\Routing\\Route->runController()
#4 /mnt/01D9961CD1E189D0/BWS/CareerWithoutBarrier/career-without-barrier/vendor/laravel/framework/src/Illuminate/Routing/Router.php(806): Illuminate\\Routing\\Route->run()
#5 /mnt/01D9961CD1E189D0/BWS/CareerWithoutBarrier/career-without-barrier/vendor/laravel/framework/src/Illuminate/Pipeline/Pipeline.php(144): Illuminate\\Routing\\Router->Illuminate\\Routing\\{closure}()
#6 /mnt/01D9961CD1E189D0/BWS/CareerWithoutBarrier/career-without-barrier/vendor/laravel/framework/src/Illuminate/Routing/Middleware/SubstituteBindings.php(50): Illuminate\\Pipeline\\Pipeline->Illuminate\\Pipeline\\{closure}()
#7 /mnt/01D9961CD1E189D0/BWS/CareerWithoutBarrier/career-without-barrier/vendor/laravel/framework/src/Illuminate/Pipeline/Pipeline.php(183): Illuminate\\Routing\\Middleware\\SubstituteBindings->handle()
#8 /mnt/01D9961CD1E189D0/BWS/CareerWithoutBarrier/career-without-barrier/vendor/laravel/framework/src/Illuminate/Routing/Middleware/ThrottleRequests.php(159): Illuminate\\Pipeline\\Pipeline->Illuminate\\Pipeline\\{closure}()
#9 /mnt/01D9961CD1E189D0/BWS/CareerWithoutBarrier/career-without-barrier/vendor/laravel/framework/src/Illuminate/Routing/Middleware/ThrottleRequests.php(125): Illuminate\\Routing\\Middleware\\ThrottleRequests->handleRequest()
#10 /mnt/01D9961CD1E189D0/BWS/CareerWithoutBarrier/career-without-barrier/vendor/laravel/framework/src/Illuminate/Routing/Middleware/ThrottleRequests.php(87): Illuminate\\Routing\\Middleware\\ThrottleRequests->handleRequestUsingNamedLimiter()
#11 /mnt/01D9961CD1E189D0/BWS/CareerWithoutBarrier/career-without-barrier/vendor/laravel/framework/src/Illuminate/Pipeline/Pipeline.php(183): Illuminate\\Routing\\Middleware\\ThrottleRequests->handle()
#12 /mnt/01D9961CD1E189D0/BWS/CareerWithoutBarrier/career-without-barrier/vendor/laravel/framework/src/Illuminate/Auth/Middleware/Authenticate.php(57): Illuminate\\Pipeline\\Pipeline->Illuminate\\Pipeline\\{closure}()
#13 /mnt/01D9961CD1E189D0/BWS/CareerWithoutBarrier/career-without-barrier/vendor/laravel/framework/src/Illuminate/Pipeline/Pipeline.php(183): Illuminate\\Auth\\Middleware\\Authenticate->handle()
#14 /mnt/01D9961CD1E189D0/BWS/CareerWithoutBarrier/career-without-barrier/vendor/laravel/framework/src/Illuminate/Pipeline/Pipeline.php(119): Illuminate\\Pipeline\\Pipeline->Illuminate\\Pipeline\\{closure}()
#15 /mnt/01D9961CD1E189D0/BWS/CareerWithoutBarrier/career-without-barrier/vendor/laravel/framework/src/Illuminate/Routing/Router.php(805): Illuminate\\Pipeline\\Pipeline->then()
#16 /mnt/01D9961CD1E189D0/BWS/CareerWithoutBarrier/career-without-barrier/vendor/laravel/framework/src/Illuminate/Routing/Router.php(784): Illuminate\\Routing\\Router->runRouteWithinStack()
#17 /mnt/01D9961CD1E189D0/BWS/CareerWithoutBarrier/career-without-barrier/vendor/laravel/framework/src/Illuminate/Routing/Router.php(748): Illuminate\\Routing\\Router->runRoute()
#18 /mnt/01D9961CD1E189D0/BWS/CareerWithoutBarrier/career-without-barrier/vendor/laravel/framework/src/Illuminate/Routing/Router.php(737): Illuminate\\Routing\\Router->dispatchToRoute()
#19 /mnt/01D9961CD1E189D0/BWS/CareerWithoutBarrier/career-without-barrier/vendor/laravel/framework/src/Illuminate/Foundation/Http/Kernel.php(200): Illuminate\\Routing\\Router->dispatch()
#20 /mnt/01D9961CD1E189D0/BWS/CareerWithoutBarrier/career-without-barrier/vendor/laravel/framework/src/Illuminate/Pipeline/Pipeline.php(144): Illuminate\\Foundation\\Http\\Kernel->Illuminate\\Foundation\\Http\\{closure}()
#21 /mnt/01D9961CD1E189D0/BWS/CareerWithoutBarrier/career-without-barrier/vendor/barryvdh/laravel-debugbar/src/Middleware/InjectDebugbar.php(66): Illuminate\\Pipeline\\Pipeline->Illuminate\\Pipeline\\{closure}()
#22 /mnt/01D9961CD1E189D0/BWS/CareerWithoutBarrier/career-without-barrier/vendor/laravel/framework/src/Illuminate/Pipeline/Pipeline.php(183): Barryvdh\\Debugbar\\Middleware\\InjectDebugbar->handle()
#23 /mnt/01D9961CD1E189D0/BWS/CareerWithoutBarrier/career-without-barrier/vendor/livewire/livewire/src/Features/SupportDisablingBackButtonCache/DisableBackButtonCacheMiddleware.php(19): Illuminate\\Pipeline\\Pipeline->Illuminate\\Pipeline\\{closure}()
#24 /mnt/01D9961CD1E189D0/BWS/CareerWithoutBarrier/career-without-barrier/vendor/laravel/framework/src/Illuminate/Pipeline/Pipeline.php(183): Livewire\\Features\\SupportDisablingBackButtonCache\\DisableBackButtonCacheMiddleware->handle()
#25 /mnt/01D9961CD1E189D0/BWS/CareerWithoutBarrier/career-without-barrier/vendor/laravel/framework/src/Illuminate/Foundation/Http/Middleware/TransformsRequest.php(21): Illuminate\\Pipeline\\Pipeline->Illuminate\\Pipeline\\{closure}()
#26 /mnt/01D9961CD1E189D0/BWS/CareerWithoutBarrier/career-without-barrier/vendor/laravel/framework/src/Illuminate/Foundation/Http/Middleware/ConvertEmptyStringsToNull.php(31): Illuminate\\Foundation\\Http\\Middleware\\TransformsRequest->handle()
#27 /mnt/01D9961CD1E189D0/BWS/CareerWithoutBarrier/career-without-barrier/vendor/laravel/framework/src/Illuminate/Pipeline/Pipeline.php(183): Illuminate\\Foundation\\Http\\Middleware\\ConvertEmptyStringsToNull->handle()
#28 /mnt/01D9961CD1E189D0/BWS/CareerWithoutBarrier/career-without-barrier/vendor/laravel/framework/src/Illuminate/Foundation/Http/Middleware/TransformsRequest.php(21): Illuminate\\Pipeline\\Pipeline->Illuminate\\Pipeline\\{closure}()
#29 /mnt/01D9961CD1E189D0/BWS/CareerWithoutBarrier/career-without-barrier/vendor/laravel/framework/src/Illuminate/Foundation/Http/Middleware/TrimStrings.php(40): Illuminate\\Foundation\\Http\\Middleware\\TransformsRequest->handle()
#30 /mnt/01D9961CD1E189D0/BWS/CareerWithoutBarrier/career-without-barrier/vendor/laravel/framework/src/Illuminate/Pipeline/Pipeline.php(183): Illuminate\\Foundation\\Http\\Middleware\\TrimStrings->handle()
#31 /mnt/01D9961CD1E189D0/BWS/CareerWithoutBarrier/career-without-barrier/vendor/laravel/framework/src/Illuminate/Foundation/Http/Middleware/ValidatePostSize.php(27): Illuminate\\Pipeline\\Pipeline->Illuminate\\Pipeline\\{closure}()
#32 /mnt/01D9961CD1E189D0/BWS/CareerWithoutBarrier/career-without-barrier/vendor/laravel/framework/src/Illuminate/Pipeline/Pipeline.php(183): Illuminate\\Foundation\\Http\\Middleware\\ValidatePostSize->handle()
#33 /mnt/01D9961CD1E189D0/BWS/CareerWithoutBarrier/career-without-barrier/vendor/laravel/framework/src/Illuminate/Foundation/Http/Middleware/PreventRequestsDuringMaintenance.php(99): Illuminate\\Pipeline\\Pipeline->Illuminate\\Pipeline\\{closure}()
#34 /mnt/01D9961CD1E189D0/BWS/CareerWithoutBarrier/career-without-barrier/vendor/laravel/framework/src/Illuminate/Pipeline/Pipeline.php(183): Illuminate\\Foundation\\Http\\Middleware\\PreventRequestsDuringMaintenance->handle()
#35 /mnt/01D9961CD1E189D0/BWS/CareerWithoutBarrier/career-without-barrier/vendor/laravel/framework/src/Illuminate/Http/Middleware/HandleCors.php(62): Illuminate\\Pipeline\\Pipeline->Illuminate\\Pipeline\\{closure}()
#36 /mnt/01D9961CD1E189D0/BWS/CareerWithoutBarrier/career-without-barrier/vendor/laravel/framework/src/Illuminate/Pipeline/Pipeline.php(183): Illuminate\\Http\\Middleware\\HandleCors->handle()
#37 /mnt/01D9961CD1E189D0/BWS/CareerWithoutBarrier/career-without-barrier/vendor/laravel/framework/src/Illuminate/Http/Middleware/TrustProxies.php(39): Illuminate\\Pipeline\\Pipeline->Illuminate\\Pipeline\\{closure}()
#38 /mnt/01D9961CD1E189D0/BWS/CareerWithoutBarrier/career-without-barrier/vendor/laravel/framework/src/Illuminate/Pipeline/Pipeline.php(183): Illuminate\\Http\\Middleware\\TrustProxies->handle()
#39 /mnt/01D9961CD1E189D0/BWS/CareerWithoutBarrier/career-without-barrier/vendor/laravel/framework/src/Illuminate/Pipeline/Pipeline.php(119): Illuminate\\Pipeline\\Pipeline->Illuminate\\Pipeline\\{closure}()
#40 /mnt/01D9961CD1E189D0/BWS/CareerWithoutBarrier/career-without-barrier/vendor/laravel/framework/src/Illuminate/Foundation/Http/Kernel.php(175): Illuminate\\Pipeline\\Pipeline->then()
#41 /mnt/01D9961CD1E189D0/BWS/CareerWithoutBarrier/career-without-barrier/vendor/laravel/framework/src/Illuminate/Foundation/Http/Kernel.php(144): Illuminate\\Foundation\\Http\\Kernel->sendRequestThroughRouter()
#42 /mnt/01D9961CD1E189D0/BWS/CareerWithoutBarrier/career-without-barrier/public/index.php(51): Illuminate\\Foundation\\Http\\Kernel->handle()
#43 /mnt/01D9961CD1E189D0/BWS/CareerWithoutBarrier/career-without-barrier/vendor/laravel/framework/src/Illuminate/Foundation/resources/server.php(16): require_once('...')
#44 {main}
"] 
[2024-10-05 09:01:46] local.DEBUG: Failed: ["[object] (Error(code: 0): Attempt to assign property \"corporate_name\" on null at /mnt/01D9961CD1E189D0/BWS/CareerWithoutBarrier/career-without-barrier/app/Http/Controllers/Api/ApplicationController.php:288)
[stacktrace]
#0 /mnt/01D9961CD1E189D0/BWS/CareerWithoutBarrier/career-without-barrier/vendor/laravel/framework/src/Illuminate/Routing/Controller.php(54): App\\Http\\Controllers\\Api\\ApplicationController->removeCoupon()
#1 /mnt/01D9961CD1E189D0/BWS/CareerWithoutBarrier/career-without-barrier/vendor/laravel/framework/src/Illuminate/Routing/ControllerDispatcher.php(43): Illuminate\\Routing\\Controller->callAction()
#2 /mnt/01D9961CD1E189D0/BWS/CareerWithoutBarrier/career-without-barrier/vendor/laravel/framework/src/Illuminate/Routing/Route.php(259): Illuminate\\Routing\\ControllerDispatcher->dispatch()
#3 /mnt/01D9961CD1E189D0/BWS/CareerWithoutBarrier/career-without-barrier/vendor/laravel/framework/src/Illuminate/Routing/Route.php(205): Illuminate\\Routing\\Route->runController()
#4 /mnt/01D9961CD1E189D0/BWS/CareerWithoutBarrier/career-without-barrier/vendor/laravel/framework/src/Illuminate/Routing/Router.php(806): Illuminate\\Routing\\Route->run()
#5 /mnt/01D9961CD1E189D0/BWS/CareerWithoutBarrier/career-without-barrier/vendor/laravel/framework/src/Illuminate/Pipeline/Pipeline.php(144): Illuminate\\Routing\\Router->Illuminate\\Routing\\{closure}()
#6 /mnt/01D9961CD1E189D0/BWS/CareerWithoutBarrier/career-without-barrier/vendor/laravel/framework/src/Illuminate/Routing/Middleware/SubstituteBindings.php(50): Illuminate\\Pipeline\\Pipeline->Illuminate\\Pipeline\\{closure}()
#7 /mnt/01D9961CD1E189D0/BWS/CareerWithoutBarrier/career-without-barrier/vendor/laravel/framework/src/Illuminate/Pipeline/Pipeline.php(183): Illuminate\\Routing\\Middleware\\SubstituteBindings->handle()
#8 /mnt/01D9961CD1E189D0/BWS/CareerWithoutBarrier/career-without-barrier/vendor/laravel/framework/src/Illuminate/Routing/Middleware/ThrottleRequests.php(159): Illuminate\\Pipeline\\Pipeline->Illuminate\\Pipeline\\{closure}()
#9 /mnt/01D9961CD1E189D0/BWS/CareerWithoutBarrier/career-without-barrier/vendor/laravel/framework/src/Illuminate/Routing/Middleware/ThrottleRequests.php(125): Illuminate\\Routing\\Middleware\\ThrottleRequests->handleRequest()
#10 /mnt/01D9961CD1E189D0/BWS/CareerWithoutBarrier/career-without-barrier/vendor/laravel/framework/src/Illuminate/Routing/Middleware/ThrottleRequests.php(87): Illuminate\\Routing\\Middleware\\ThrottleRequests->handleRequestUsingNamedLimiter()
#11 /mnt/01D9961CD1E189D0/BWS/CareerWithoutBarrier/career-without-barrier/vendor/laravel/framework/src/Illuminate/Pipeline/Pipeline.php(183): Illuminate\\Routing\\Middleware\\ThrottleRequests->handle()
#12 /mnt/01D9961CD1E189D0/BWS/CareerWithoutBarrier/career-without-barrier/vendor/laravel/framework/src/Illuminate/Auth/Middleware/Authenticate.php(57): Illuminate\\Pipeline\\Pipeline->Illuminate\\Pipeline\\{closure}()
#13 /mnt/01D9961CD1E189D0/BWS/CareerWithoutBarrier/career-without-barrier/vendor/laravel/framework/src/Illuminate/Pipeline/Pipeline.php(183): Illuminate\\Auth\\Middleware\\Authenticate->handle()
#14 /mnt/01D9961CD1E189D0/BWS/CareerWithoutBarrier/career-without-barrier/vendor/laravel/framework/src/Illuminate/Pipeline/Pipeline.php(119): Illuminate\\Pipeline\\Pipeline->Illuminate\\Pipeline\\{closure}()
#15 /mnt/01D9961CD1E189D0/BWS/CareerWithoutBarrier/career-without-barrier/vendor/laravel/framework/src/Illuminate/Routing/Router.php(805): Illuminate\\Pipeline\\Pipeline->then()
#16 /mnt/01D9961CD1E189D0/BWS/CareerWithoutBarrier/career-without-barrier/vendor/laravel/framework/src/Illuminate/Routing/Router.php(784): Illuminate\\Routing\\Router->runRouteWithinStack()
#17 /mnt/01D9961CD1E189D0/BWS/CareerWithoutBarrier/career-without-barrier/vendor/laravel/framework/src/Illuminate/Routing/Router.php(748): Illuminate\\Routing\\Router->runRoute()
#18 /mnt/01D9961CD1E189D0/BWS/CareerWithoutBarrier/career-without-barrier/vendor/laravel/framework/src/Illuminate/Routing/Router.php(737): Illuminate\\Routing\\Router->dispatchToRoute()
#19 /mnt/01D9961CD1E189D0/BWS/CareerWithoutBarrier/career-without-barrier/vendor/laravel/framework/src/Illuminate/Foundation/Http/Kernel.php(200): Illuminate\\Routing\\Router->dispatch()
#20 /mnt/01D9961CD1E189D0/BWS/CareerWithoutBarrier/career-without-barrier/vendor/laravel/framework/src/Illuminate/Pipeline/Pipeline.php(144): Illuminate\\Foundation\\Http\\Kernel->Illuminate\\Foundation\\Http\\{closure}()
#21 /mnt/01D9961CD1E189D0/BWS/CareerWithoutBarrier/career-without-barrier/vendor/barryvdh/laravel-debugbar/src/Middleware/InjectDebugbar.php(66): Illuminate\\Pipeline\\Pipeline->Illuminate\\Pipeline\\{closure}()
#22 /mnt/01D9961CD1E189D0/BWS/CareerWithoutBarrier/career-without-barrier/vendor/laravel/framework/src/Illuminate/Pipeline/Pipeline.php(183): Barryvdh\\Debugbar\\Middleware\\InjectDebugbar->handle()
#23 /mnt/01D9961CD1E189D0/BWS/CareerWithoutBarrier/career-without-barrier/vendor/livewire/livewire/src/Features/SupportDisablingBackButtonCache/DisableBackButtonCacheMiddleware.php(19): Illuminate\\Pipeline\\Pipeline->Illuminate\\Pipeline\\{closure}()
#24 /mnt/01D9961CD1E189D0/BWS/CareerWithoutBarrier/career-without-barrier/vendor/laravel/framework/src/Illuminate/Pipeline/Pipeline.php(183): Livewire\\Features\\SupportDisablingBackButtonCache\\DisableBackButtonCacheMiddleware->handle()
#25 /mnt/01D9961CD1E189D0/BWS/CareerWithoutBarrier/career-without-barrier/vendor/laravel/framework/src/Illuminate/Foundation/Http/Middleware/TransformsRequest.php(21): Illuminate\\Pipeline\\Pipeline->Illuminate\\Pipeline\\{closure}()
#26 /mnt/01D9961CD1E189D0/BWS/CareerWithoutBarrier/career-without-barrier/vendor/laravel/framework/src/Illuminate/Foundation/Http/Middleware/ConvertEmptyStringsToNull.php(31): Illuminate\\Foundation\\Http\\Middleware\\TransformsRequest->handle()
#27 /mnt/01D9961CD1E189D0/BWS/CareerWithoutBarrier/career-without-barrier/vendor/laravel/framework/src/Illuminate/Pipeline/Pipeline.php(183): Illuminate\\Foundation\\Http\\Middleware\\ConvertEmptyStringsToNull->handle()
#28 /mnt/01D9961CD1E189D0/BWS/CareerWithoutBarrier/career-without-barrier/vendor/laravel/framework/src/Illuminate/Foundation/Http/Middleware/TransformsRequest.php(21): Illuminate\\Pipeline\\Pipeline->Illuminate\\Pipeline\\{closure}()
#29 /mnt/01D9961CD1E189D0/BWS/CareerWithoutBarrier/career-without-barrier/vendor/laravel/framework/src/Illuminate/Foundation/Http/Middleware/TrimStrings.php(40): Illuminate\\Foundation\\Http\\Middleware\\TransformsRequest->handle()
#30 /mnt/01D9961CD1E189D0/BWS/CareerWithoutBarrier/career-without-barrier/vendor/laravel/framework/src/Illuminate/Pipeline/Pipeline.php(183): Illuminate\\Foundation\\Http\\Middleware\\TrimStrings->handle()
#31 /mnt/01D9961CD1E189D0/BWS/CareerWithoutBarrier/career-without-barrier/vendor/laravel/framework/src/Illuminate/Foundation/Http/Middleware/ValidatePostSize.php(27): Illuminate\\Pipeline\\Pipeline->Illuminate\\Pipeline\\{closure}()
#32 /mnt/01D9961CD1E189D0/BWS/CareerWithoutBarrier/career-without-barrier/vendor/laravel/framework/src/Illuminate/Pipeline/Pipeline.php(183): Illuminate\\Foundation\\Http\\Middleware\\ValidatePostSize->handle()
#33 /mnt/01D9961CD1E189D0/BWS/CareerWithoutBarrier/career-without-barrier/vendor/laravel/framework/src/Illuminate/Foundation/Http/Middleware/PreventRequestsDuringMaintenance.php(99): Illuminate\\Pipeline\\Pipeline->Illuminate\\Pipeline\\{closure}()
#34 /mnt/01D9961CD1E189D0/BWS/CareerWithoutBarrier/career-without-barrier/vendor/laravel/framework/src/Illuminate/Pipeline/Pipeline.php(183): Illuminate\\Foundation\\Http\\Middleware\\PreventRequestsDuringMaintenance->handle()
#35 /mnt/01D9961CD1E189D0/BWS/CareerWithoutBarrier/career-without-barrier/vendor/laravel/framework/src/Illuminate/Http/Middleware/HandleCors.php(62): Illuminate\\Pipeline\\Pipeline->Illuminate\\Pipeline\\{closure}()
#36 /mnt/01D9961CD1E189D0/BWS/CareerWithoutBarrier/career-without-barrier/vendor/laravel/framework/src/Illuminate/Pipeline/Pipeline.php(183): Illuminate\\Http\\Middleware\\HandleCors->handle()
#37 /mnt/01D9961CD1E189D0/BWS/CareerWithoutBarrier/career-without-barrier/vendor/laravel/framework/src/Illuminate/Http/Middleware/TrustProxies.php(39): Illuminate\\Pipeline\\Pipeline->Illuminate\\Pipeline\\{closure}()
#38 /mnt/01D9961CD1E189D0/BWS/CareerWithoutBarrier/career-without-barrier/vendor/laravel/framework/src/Illuminate/Pipeline/Pipeline.php(183): Illuminate\\Http\\Middleware\\TrustProxies->handle()
#39 /mnt/01D9961CD1E189D0/BWS/CareerWithoutBarrier/career-without-barrier/vendor/laravel/framework/src/Illuminate/Pipeline/Pipeline.php(119): Illuminate\\Pipeline\\Pipeline->Illuminate\\Pipeline\\{closure}()
#40 /mnt/01D9961CD1E189D0/BWS/CareerWithoutBarrier/career-without-barrier/vendor/laravel/framework/src/Illuminate/Foundation/Http/Kernel.php(175): Illuminate\\Pipeline\\Pipeline->then()
#41 /mnt/01D9961CD1E189D0/BWS/CareerWithoutBarrier/career-without-barrier/vendor/laravel/framework/src/Illuminate/Foundation/Http/Kernel.php(144): Illuminate\\Foundation\\Http\\Kernel->sendRequestThroughRouter()
#42 /mnt/01D9961CD1E189D0/BWS/CareerWithoutBarrier/career-without-barrier/public/index.php(51): Illuminate\\Foundation\\Http\\Kernel->handle()
#43 /mnt/01D9961CD1E189D0/BWS/CareerWithoutBarrier/career-without-barrier/vendor/laravel/framework/src/Illuminate/Foundation/resources/server.php(16): require_once('...')
#44 {main}
"] 
[2024-10-05 09:02:04] local.DEBUG: Failed: ["[object] (Error(code: 0): Attempt to assign property \"corporate_name\" on null at /mnt/01D9961CD1E189D0/BWS/CareerWithoutBarrier/career-without-barrier/app/Http/Controllers/Api/ApplicationController.php:288)
[stacktrace]
#0 /mnt/01D9961CD1E189D0/BWS/CareerWithoutBarrier/career-without-barrier/vendor/laravel/framework/src/Illuminate/Routing/Controller.php(54): App\\Http\\Controllers\\Api\\ApplicationController->removeCoupon()
#1 /mnt/01D9961CD1E189D0/BWS/CareerWithoutBarrier/career-without-barrier/vendor/laravel/framework/src/Illuminate/Routing/ControllerDispatcher.php(43): Illuminate\\Routing\\Controller->callAction()
#2 /mnt/01D9961CD1E189D0/BWS/CareerWithoutBarrier/career-without-barrier/vendor/laravel/framework/src/Illuminate/Routing/Route.php(259): Illuminate\\Routing\\ControllerDispatcher->dispatch()
#3 /mnt/01D9961CD1E189D0/BWS/CareerWithoutBarrier/career-without-barrier/vendor/laravel/framework/src/Illuminate/Routing/Route.php(205): Illuminate\\Routing\\Route->runController()
#4 /mnt/01D9961CD1E189D0/BWS/CareerWithoutBarrier/career-without-barrier/vendor/laravel/framework/src/Illuminate/Routing/Router.php(806): Illuminate\\Routing\\Route->run()
#5 /mnt/01D9961CD1E189D0/BWS/CareerWithoutBarrier/career-without-barrier/vendor/laravel/framework/src/Illuminate/Pipeline/Pipeline.php(144): Illuminate\\Routing\\Router->Illuminate\\Routing\\{closure}()
#6 /mnt/01D9961CD1E189D0/BWS/CareerWithoutBarrier/career-without-barrier/vendor/laravel/framework/src/Illuminate/Routing/Middleware/SubstituteBindings.php(50): Illuminate\\Pipeline\\Pipeline->Illuminate\\Pipeline\\{closure}()
#7 /mnt/01D9961CD1E189D0/BWS/CareerWithoutBarrier/career-without-barrier/vendor/laravel/framework/src/Illuminate/Pipeline/Pipeline.php(183): Illuminate\\Routing\\Middleware\\SubstituteBindings->handle()
#8 /mnt/01D9961CD1E189D0/BWS/CareerWithoutBarrier/career-without-barrier/vendor/laravel/framework/src/Illuminate/Routing/Middleware/ThrottleRequests.php(159): Illuminate\\Pipeline\\Pipeline->Illuminate\\Pipeline\\{closure}()
#9 /mnt/01D9961CD1E189D0/BWS/CareerWithoutBarrier/career-without-barrier/vendor/laravel/framework/src/Illuminate/Routing/Middleware/ThrottleRequests.php(125): Illuminate\\Routing\\Middleware\\ThrottleRequests->handleRequest()
#10 /mnt/01D9961CD1E189D0/BWS/CareerWithoutBarrier/career-without-barrier/vendor/laravel/framework/src/Illuminate/Routing/Middleware/ThrottleRequests.php(87): Illuminate\\Routing\\Middleware\\ThrottleRequests->handleRequestUsingNamedLimiter()
#11 /mnt/01D9961CD1E189D0/BWS/CareerWithoutBarrier/career-without-barrier/vendor/laravel/framework/src/Illuminate/Pipeline/Pipeline.php(183): Illuminate\\Routing\\Middleware\\ThrottleRequests->handle()
#12 /mnt/01D9961CD1E189D0/BWS/CareerWithoutBarrier/career-without-barrier/vendor/laravel/framework/src/Illuminate/Auth/Middleware/Authenticate.php(57): Illuminate\\Pipeline\\Pipeline->Illuminate\\Pipeline\\{closure}()
#13 /mnt/01D9961CD1E189D0/BWS/CareerWithoutBarrier/career-without-barrier/vendor/laravel/framework/src/Illuminate/Pipeline/Pipeline.php(183): Illuminate\\Auth\\Middleware\\Authenticate->handle()
#14 /mnt/01D9961CD1E189D0/BWS/CareerWithoutBarrier/career-without-barrier/vendor/laravel/framework/src/Illuminate/Pipeline/Pipeline.php(119): Illuminate\\Pipeline\\Pipeline->Illuminate\\Pipeline\\{closure}()
#15 /mnt/01D9961CD1E189D0/BWS/CareerWithoutBarrier/career-without-barrier/vendor/laravel/framework/src/Illuminate/Routing/Router.php(805): Illuminate\\Pipeline\\Pipeline->then()
#16 /mnt/01D9961CD1E189D0/BWS/CareerWithoutBarrier/career-without-barrier/vendor/laravel/framework/src/Illuminate/Routing/Router.php(784): Illuminate\\Routing\\Router->runRouteWithinStack()
#17 /mnt/01D9961CD1E189D0/BWS/CareerWithoutBarrier/career-without-barrier/vendor/laravel/framework/src/Illuminate/Routing/Router.php(748): Illuminate\\Routing\\Router->runRoute()
#18 /mnt/01D9961CD1E189D0/BWS/CareerWithoutBarrier/career-without-barrier/vendor/laravel/framework/src/Illuminate/Routing/Router.php(737): Illuminate\\Routing\\Router->dispatchToRoute()
#19 /mnt/01D9961CD1E189D0/BWS/CareerWithoutBarrier/career-without-barrier/vendor/laravel/framework/src/Illuminate/Foundation/Http/Kernel.php(200): Illuminate\\Routing\\Router->dispatch()
#20 /mnt/01D9961CD1E189D0/BWS/CareerWithoutBarrier/career-without-barrier/vendor/laravel/framework/src/Illuminate/Pipeline/Pipeline.php(144): Illuminate\\Foundation\\Http\\Kernel->Illuminate\\Foundation\\Http\\{closure}()
#21 /mnt/01D9961CD1E189D0/BWS/CareerWithoutBarrier/career-without-barrier/vendor/barryvdh/laravel-debugbar/src/Middleware/InjectDebugbar.php(66): Illuminate\\Pipeline\\Pipeline->Illuminate\\Pipeline\\{closure}()
#22 /mnt/01D9961CD1E189D0/BWS/CareerWithoutBarrier/career-without-barrier/vendor/laravel/framework/src/Illuminate/Pipeline/Pipeline.php(183): Barryvdh\\Debugbar\\Middleware\\InjectDebugbar->handle()
#23 /mnt/01D9961CD1E189D0/BWS/CareerWithoutBarrier/career-without-barrier/vendor/livewire/livewire/src/Features/SupportDisablingBackButtonCache/DisableBackButtonCacheMiddleware.php(19): Illuminate\\Pipeline\\Pipeline->Illuminate\\Pipeline\\{closure}()
#24 /mnt/01D9961CD1E189D0/BWS/CareerWithoutBarrier/career-without-barrier/vendor/laravel/framework/src/Illuminate/Pipeline/Pipeline.php(183): Livewire\\Features\\SupportDisablingBackButtonCache\\DisableBackButtonCacheMiddleware->handle()
#25 /mnt/01D9961CD1E189D0/BWS/CareerWithoutBarrier/career-without-barrier/vendor/laravel/framework/src/Illuminate/Foundation/Http/Middleware/TransformsRequest.php(21): Illuminate\\Pipeline\\Pipeline->Illuminate\\Pipeline\\{closure}()
#26 /mnt/01D9961CD1E189D0/BWS/CareerWithoutBarrier/career-without-barrier/vendor/laravel/framework/src/Illuminate/Foundation/Http/Middleware/ConvertEmptyStringsToNull.php(31): Illuminate\\Foundation\\Http\\Middleware\\TransformsRequest->handle()
#27 /mnt/01D9961CD1E189D0/BWS/CareerWithoutBarrier/career-without-barrier/vendor/laravel/framework/src/Illuminate/Pipeline/Pipeline.php(183): Illuminate\\Foundation\\Http\\Middleware\\ConvertEmptyStringsToNull->handle()
#28 /mnt/01D9961CD1E189D0/BWS/CareerWithoutBarrier/career-without-barrier/vendor/laravel/framework/src/Illuminate/Foundation/Http/Middleware/TransformsRequest.php(21): Illuminate\\Pipeline\\Pipeline->Illuminate\\Pipeline\\{closure}()
#29 /mnt/01D9961CD1E189D0/BWS/CareerWithoutBarrier/career-without-barrier/vendor/laravel/framework/src/Illuminate/Foundation/Http/Middleware/TrimStrings.php(40): Illuminate\\Foundation\\Http\\Middleware\\TransformsRequest->handle()
#30 /mnt/01D9961CD1E189D0/BWS/CareerWithoutBarrier/career-without-barrier/vendor/laravel/framework/src/Illuminate/Pipeline/Pipeline.php(183): Illuminate\\Foundation\\Http\\Middleware\\TrimStrings->handle()
#31 /mnt/01D9961CD1E189D0/BWS/CareerWithoutBarrier/career-without-barrier/vendor/laravel/framework/src/Illuminate/Foundation/Http/Middleware/ValidatePostSize.php(27): Illuminate\\Pipeline\\Pipeline->Illuminate\\Pipeline\\{closure}()
#32 /mnt/01D9961CD1E189D0/BWS/CareerWithoutBarrier/career-without-barrier/vendor/laravel/framework/src/Illuminate/Pipeline/Pipeline.php(183): Illuminate\\Foundation\\Http\\Middleware\\ValidatePostSize->handle()
#33 /mnt/01D9961CD1E189D0/BWS/CareerWithoutBarrier/career-without-barrier/vendor/laravel/framework/src/Illuminate/Foundation/Http/Middleware/PreventRequestsDuringMaintenance.php(99): Illuminate\\Pipeline\\Pipeline->Illuminate\\Pipeline\\{closure}()
#34 /mnt/01D9961CD1E189D0/BWS/CareerWithoutBarrier/career-without-barrier/vendor/laravel/framework/src/Illuminate/Pipeline/Pipeline.php(183): Illuminate\\Foundation\\Http\\Middleware\\PreventRequestsDuringMaintenance->handle()
#35 /mnt/01D9961CD1E189D0/BWS/CareerWithoutBarrier/career-without-barrier/vendor/laravel/framework/src/Illuminate/Http/Middleware/HandleCors.php(62): Illuminate\\Pipeline\\Pipeline->Illuminate\\Pipeline\\{closure}()
#36 /mnt/01D9961CD1E189D0/BWS/CareerWithoutBarrier/career-without-barrier/vendor/laravel/framework/src/Illuminate/Pipeline/Pipeline.php(183): Illuminate\\Http\\Middleware\\HandleCors->handle()
#37 /mnt/01D9961CD1E189D0/BWS/CareerWithoutBarrier/career-without-barrier/vendor/laravel/framework/src/Illuminate/Http/Middleware/TrustProxies.php(39): Illuminate\\Pipeline\\Pipeline->Illuminate\\Pipeline\\{closure}()
#38 /mnt/01D9961CD1E189D0/BWS/CareerWithoutBarrier/career-without-barrier/vendor/laravel/framework/src/Illuminate/Pipeline/Pipeline.php(183): Illuminate\\Http\\Middleware\\TrustProxies->handle()
#39 /mnt/01D9961CD1E189D0/BWS/CareerWithoutBarrier/career-without-barrier/vendor/laravel/framework/src/Illuminate/Pipeline/Pipeline.php(119): Illuminate\\Pipeline\\Pipeline->Illuminate\\Pipeline\\{closure}()
#40 /mnt/01D9961CD1E189D0/BWS/CareerWithoutBarrier/career-without-barrier/vendor/laravel/framework/src/Illuminate/Foundation/Http/Kernel.php(175): Illuminate\\Pipeline\\Pipeline->then()
#41 /mnt/01D9961CD1E189D0/BWS/CareerWithoutBarrier/career-without-barrier/vendor/laravel/framework/src/Illuminate/Foundation/Http/Kernel.php(144): Illuminate\\Foundation\\Http\\Kernel->sendRequestThroughRouter()
#42 /mnt/01D9961CD1E189D0/BWS/CareerWithoutBarrier/career-without-barrier/public/index.php(51): Illuminate\\Foundation\\Http\\Kernel->handle()
#43 /mnt/01D9961CD1E189D0/BWS/CareerWithoutBarrier/career-without-barrier/vendor/laravel/framework/src/Illuminate/Foundation/resources/server.php(16): require_once('...')
#44 {main}
"] 
[2024-10-07 06:00:02] local.DEBUG: Failed: ["[object] (Illuminate\\Database\\QueryException(code: 23000): SQLSTATE[23000]: Integrity constraint violation: 1048 Column 'student_id' cannot be null (Connection: mysql, SQL: insert into `student_payments` (`student_id`, `course_type`, `course_id`, `institute_id`, `payment_amount`, `payment_order_id`, `payment_status`, `updated_at`, `created_at`) values (?, Eligible Bank Jobs, ?, ?, 750, pay_623, success, 2024-10-07 06:00:02, 2024-10-07 06:00:02)) at /mnt/01D9961CD1E189D0/BWS/CareerWithoutBarrier/career-without-barrier/vendor/laravel/framework/src/Illuminate/Database/Connection.php:829)
[stacktrace]
#0 /mnt/01D9961CD1E189D0/BWS/CareerWithoutBarrier/career-without-barrier/vendor/laravel/framework/src/Illuminate/Database/Connection.php(783): Illuminate\\Database\\Connection->runQueryCallback()
#1 /mnt/01D9961CD1E189D0/BWS/CareerWithoutBarrier/career-without-barrier/vendor/laravel/framework/src/Illuminate/Database/MySqlConnection.php(34): Illuminate\\Database\\Connection->run()
#2 /mnt/01D9961CD1E189D0/BWS/CareerWithoutBarrier/career-without-barrier/vendor/laravel/framework/src/Illuminate/Database/Query/Processors/MySqlProcessor.php(35): Illuminate\\Database\\MySqlConnection->insert()
#3 /mnt/01D9961CD1E189D0/BWS/CareerWithoutBarrier/career-without-barrier/vendor/laravel/framework/src/Illuminate/Database/Query/Builder.php(3507): Illuminate\\Database\\Query\\Processors\\MySqlProcessor->processInsertGetId()
#4 /mnt/01D9961CD1E189D0/BWS/CareerWithoutBarrier/career-without-barrier/vendor/laravel/framework/src/Illuminate/Database/Eloquent/Builder.php(1982): Illuminate\\Database\\Query\\Builder->insertGetId()
#5 /mnt/01D9961CD1E189D0/BWS/CareerWithoutBarrier/career-without-barrier/vendor/laravel/framework/src/Illuminate/Database/Eloquent/Model.php(1334): Illuminate\\Database\\Eloquent\\Builder->__call()
#6 /mnt/01D9961CD1E189D0/BWS/CareerWithoutBarrier/career-without-barrier/vendor/laravel/framework/src/Illuminate/Database/Eloquent/Model.php(1299): Illuminate\\Database\\Eloquent\\Model->insertAndSetId()
#7 /mnt/01D9961CD1E189D0/BWS/CareerWithoutBarrier/career-without-barrier/vendor/laravel/framework/src/Illuminate/Database/Eloquent/Model.php(1138): Illuminate\\Database\\Eloquent\\Model->performInsert()
#8 /mnt/01D9961CD1E189D0/BWS/CareerWithoutBarrier/career-without-barrier/app/Http/Controllers/Api/ApplicationController.php(350): Illuminate\\Database\\Eloquent\\Model->save()
#9 /mnt/01D9961CD1E189D0/BWS/CareerWithoutBarrier/career-without-barrier/vendor/laravel/framework/src/Illuminate/Routing/Controller.php(54): App\\Http\\Controllers\\Api\\ApplicationController->studentPaymentCallback()
#10 /mnt/01D9961CD1E189D0/BWS/CareerWithoutBarrier/career-without-barrier/vendor/laravel/framework/src/Illuminate/Routing/ControllerDispatcher.php(43): Illuminate\\Routing\\Controller->callAction()
#11 /mnt/01D9961CD1E189D0/BWS/CareerWithoutBarrier/career-without-barrier/vendor/laravel/framework/src/Illuminate/Routing/Route.php(259): Illuminate\\Routing\\ControllerDispatcher->dispatch()
#12 /mnt/01D9961CD1E189D0/BWS/CareerWithoutBarrier/career-without-barrier/vendor/laravel/framework/src/Illuminate/Routing/Route.php(205): Illuminate\\Routing\\Route->runController()
#13 /mnt/01D9961CD1E189D0/BWS/CareerWithoutBarrier/career-without-barrier/vendor/laravel/framework/src/Illuminate/Routing/Router.php(806): Illuminate\\Routing\\Route->run()
#14 /mnt/01D9961CD1E189D0/BWS/CareerWithoutBarrier/career-without-barrier/vendor/laravel/framework/src/Illuminate/Pipeline/Pipeline.php(144): Illuminate\\Routing\\Router->Illuminate\\Routing\\{closure}()
#15 /mnt/01D9961CD1E189D0/BWS/CareerWithoutBarrier/career-without-barrier/vendor/laravel/framework/src/Illuminate/Routing/Middleware/SubstituteBindings.php(50): Illuminate\\Pipeline\\Pipeline->Illuminate\\Pipeline\\{closure}()
#16 /mnt/01D9961CD1E189D0/BWS/CareerWithoutBarrier/career-without-barrier/vendor/laravel/framework/src/Illuminate/Pipeline/Pipeline.php(183): Illuminate\\Routing\\Middleware\\SubstituteBindings->handle()
#17 /mnt/01D9961CD1E189D0/BWS/CareerWithoutBarrier/career-without-barrier/vendor/laravel/framework/src/Illuminate/Routing/Middleware/ThrottleRequests.php(159): Illuminate\\Pipeline\\Pipeline->Illuminate\\Pipeline\\{closure}()
#18 /mnt/01D9961CD1E189D0/BWS/CareerWithoutBarrier/career-without-barrier/vendor/laravel/framework/src/Illuminate/Routing/Middleware/ThrottleRequests.php(125): Illuminate\\Routing\\Middleware\\ThrottleRequests->handleRequest()
#19 /mnt/01D9961CD1E189D0/BWS/CareerWithoutBarrier/career-without-barrier/vendor/laravel/framework/src/Illuminate/Routing/Middleware/ThrottleRequests.php(87): Illuminate\\Routing\\Middleware\\ThrottleRequests->handleRequestUsingNamedLimiter()
#20 /mnt/01D9961CD1E189D0/BWS/CareerWithoutBarrier/career-without-barrier/vendor/laravel/framework/src/Illuminate/Pipeline/Pipeline.php(183): Illuminate\\Routing\\Middleware\\ThrottleRequests->handle()
#21 /mnt/01D9961CD1E189D0/BWS/CareerWithoutBarrier/career-without-barrier/vendor/laravel/framework/src/Illuminate/Auth/Middleware/Authenticate.php(57): Illuminate\\Pipeline\\Pipeline->Illuminate\\Pipeline\\{closure}()
#22 /mnt/01D9961CD1E189D0/BWS/CareerWithoutBarrier/career-without-barrier/vendor/laravel/framework/src/Illuminate/Pipeline/Pipeline.php(183): Illuminate\\Auth\\Middleware\\Authenticate->handle()
#23 /mnt/01D9961CD1E189D0/BWS/CareerWithoutBarrier/career-without-barrier/vendor/laravel/framework/src/Illuminate/Pipeline/Pipeline.php(119): Illuminate\\Pipeline\\Pipeline->Illuminate\\Pipeline\\{closure}()
#24 /mnt/01D9961CD1E189D0/BWS/CareerWithoutBarrier/career-without-barrier/vendor/laravel/framework/src/Illuminate/Routing/Router.php(805): Illuminate\\Pipeline\\Pipeline->then()
#25 /mnt/01D9961CD1E189D0/BWS/CareerWithoutBarrier/career-without-barrier/vendor/laravel/framework/src/Illuminate/Routing/Router.php(784): Illuminate\\Routing\\Router->runRouteWithinStack()
#26 /mnt/01D9961CD1E189D0/BWS/CareerWithoutBarrier/career-without-barrier/vendor/laravel/framework/src/Illuminate/Routing/Router.php(748): Illuminate\\Routing\\Router->runRoute()
#27 /mnt/01D9961CD1E189D0/BWS/CareerWithoutBarrier/career-without-barrier/vendor/laravel/framework/src/Illuminate/Routing/Router.php(737): Illuminate\\Routing\\Router->dispatchToRoute()
#28 /mnt/01D9961CD1E189D0/BWS/CareerWithoutBarrier/career-without-barrier/vendor/laravel/framework/src/Illuminate/Foundation/Http/Kernel.php(200): Illuminate\\Routing\\Router->dispatch()
#29 /mnt/01D9961CD1E189D0/BWS/CareerWithoutBarrier/career-without-barrier/vendor/laravel/framework/src/Illuminate/Pipeline/Pipeline.php(144): Illuminate\\Foundation\\Http\\Kernel->Illuminate\\Foundation\\Http\\{closure}()
#30 /mnt/01D9961CD1E189D0/BWS/CareerWithoutBarrier/career-without-barrier/vendor/barryvdh/laravel-debugbar/src/Middleware/InjectDebugbar.php(66): Illuminate\\Pipeline\\Pipeline->Illuminate\\Pipeline\\{closure}()
#31 /mnt/01D9961CD1E189D0/BWS/CareerWithoutBarrier/career-without-barrier/vendor/laravel/framework/src/Illuminate/Pipeline/Pipeline.php(183): Barryvdh\\Debugbar\\Middleware\\InjectDebugbar->handle()
#32 /mnt/01D9961CD1E189D0/BWS/CareerWithoutBarrier/career-without-barrier/vendor/livewire/livewire/src/Features/SupportDisablingBackButtonCache/DisableBackButtonCacheMiddleware.php(19): Illuminate\\Pipeline\\Pipeline->Illuminate\\Pipeline\\{closure}()
#33 /mnt/01D9961CD1E189D0/BWS/CareerWithoutBarrier/career-without-barrier/vendor/laravel/framework/src/Illuminate/Pipeline/Pipeline.php(183): Livewire\\Features\\SupportDisablingBackButtonCache\\DisableBackButtonCacheMiddleware->handle()
#34 /mnt/01D9961CD1E189D0/BWS/CareerWithoutBarrier/career-without-barrier/vendor/laravel/framework/src/Illuminate/Foundation/Http/Middleware/TransformsRequest.php(21): Illuminate\\Pipeline\\Pipeline->Illuminate\\Pipeline\\{closure}()
#35 /mnt/01D9961CD1E189D0/BWS/CareerWithoutBarrier/career-without-barrier/vendor/laravel/framework/src/Illuminate/Foundation/Http/Middleware/ConvertEmptyStringsToNull.php(31): Illuminate\\Foundation\\Http\\Middleware\\TransformsRequest->handle()
#36 /mnt/01D9961CD1E189D0/BWS/CareerWithoutBarrier/career-without-barrier/vendor/laravel/framework/src/Illuminate/Pipeline/Pipeline.php(183): Illuminate\\Foundation\\Http\\Middleware\\ConvertEmptyStringsToNull->handle()
#37 /mnt/01D9961CD1E189D0/BWS/CareerWithoutBarrier/career-without-barrier/vendor/laravel/framework/src/Illuminate/Foundation/Http/Middleware/TransformsRequest.php(21): Illuminate\\Pipeline\\Pipeline->Illuminate\\Pipeline\\{closure}()
#38 /mnt/01D9961CD1E189D0/BWS/CareerWithoutBarrier/career-without-barrier/vendor/laravel/framework/src/Illuminate/Foundation/Http/Middleware/TrimStrings.php(40): Illuminate\\Foundation\\Http\\Middleware\\TransformsRequest->handle()
#39 /mnt/01D9961CD1E189D0/BWS/CareerWithoutBarrier/career-without-barrier/vendor/laravel/framework/src/Illuminate/Pipeline/Pipeline.php(183): Illuminate\\Foundation\\Http\\Middleware\\TrimStrings->handle()
#40 /mnt/01D9961CD1E189D0/BWS/CareerWithoutBarrier/career-without-barrier/vendor/laravel/framework/src/Illuminate/Foundation/Http/Middleware/ValidatePostSize.php(27): Illuminate\\Pipeline\\Pipeline->Illuminate\\Pipeline\\{closure}()
#41 /mnt/01D9961CD1E189D0/BWS/CareerWithoutBarrier/career-without-barrier/vendor/laravel/framework/src/Illuminate/Pipeline/Pipeline.php(183): Illuminate\\Foundation\\Http\\Middleware\\ValidatePostSize->handle()
#42 /mnt/01D9961CD1E189D0/BWS/CareerWithoutBarrier/career-without-barrier/vendor/laravel/framework/src/Illuminate/Foundation/Http/Middleware/PreventRequestsDuringMaintenance.php(99): Illuminate\\Pipeline\\Pipeline->Illuminate\\Pipeline\\{closure}()
#43 /mnt/01D9961CD1E189D0/BWS/CareerWithoutBarrier/career-without-barrier/vendor/laravel/framework/src/Illuminate/Pipeline/Pipeline.php(183): Illuminate\\Foundation\\Http\\Middleware\\PreventRequestsDuringMaintenance->handle()
#44 /mnt/01D9961CD1E189D0/BWS/CareerWithoutBarrier/career-without-barrier/vendor/laravel/framework/src/Illuminate/Http/Middleware/HandleCors.php(62): Illuminate\\Pipeline\\Pipeline->Illuminate\\Pipeline\\{closure}()
#45 /mnt/01D9961CD1E189D0/BWS/CareerWithoutBarrier/career-without-barrier/vendor/laravel/framework/src/Illuminate/Pipeline/Pipeline.php(183): Illuminate\\Http\\Middleware\\HandleCors->handle()
#46 /mnt/01D9961CD1E189D0/BWS/CareerWithoutBarrier/career-without-barrier/vendor/laravel/framework/src/Illuminate/Http/Middleware/TrustProxies.php(39): Illuminate\\Pipeline\\Pipeline->Illuminate\\Pipeline\\{closure}()
#47 /mnt/01D9961CD1E189D0/BWS/CareerWithoutBarrier/career-without-barrier/vendor/laravel/framework/src/Illuminate/Pipeline/Pipeline.php(183): Illuminate\\Http\\Middleware\\TrustProxies->handle()
#48 /mnt/01D9961CD1E189D0/BWS/CareerWithoutBarrier/career-without-barrier/vendor/laravel/framework/src/Illuminate/Pipeline/Pipeline.php(119): Illuminate\\Pipeline\\Pipeline->Illuminate\\Pipeline\\{closure}()
#49 /mnt/01D9961CD1E189D0/BWS/CareerWithoutBarrier/career-without-barrier/vendor/laravel/framework/src/Illuminate/Foundation/Http/Kernel.php(175): Illuminate\\Pipeline\\Pipeline->then()
#50 /mnt/01D9961CD1E189D0/BWS/CareerWithoutBarrier/career-without-barrier/vendor/laravel/framework/src/Illuminate/Foundation/Http/Kernel.php(144): Illuminate\\Foundation\\Http\\Kernel->sendRequestThroughRouter()
#51 /mnt/01D9961CD1E189D0/BWS/CareerWithoutBarrier/career-without-barrier/public/index.php(51): Illuminate\\Foundation\\Http\\Kernel->handle()
#52 /mnt/01D9961CD1E189D0/BWS/CareerWithoutBarrier/career-without-barrier/vendor/laravel/framework/src/Illuminate/Foundation/resources/server.php(16): require_once('...')
#53 {main}

[previous exception] [object] (PDOException(code: 23000): SQLSTATE[23000]: Integrity constraint violation: 1048 Column 'student_id' cannot be null at /mnt/01D9961CD1E189D0/BWS/CareerWithoutBarrier/career-without-barrier/vendor/laravel/framework/src/Illuminate/Database/MySqlConnection.php:45)
[stacktrace]
#0 /mnt/01D9961CD1E189D0/BWS/CareerWithoutBarrier/career-without-barrier/vendor/laravel/framework/src/Illuminate/Database/MySqlConnection.php(45): PDOStatement->execute()
#1 /mnt/01D9961CD1E189D0/BWS/CareerWithoutBarrier/career-without-barrier/vendor/laravel/framework/src/Illuminate/Database/Connection.php(816): Illuminate\\Database\\MySqlConnection->Illuminate\\Database\\{closure}()
#2 /mnt/01D9961CD1E189D0/BWS/CareerWithoutBarrier/career-without-barrier/vendor/laravel/framework/src/Illuminate/Database/Connection.php(783): Illuminate\\Database\\Connection->runQueryCallback()
#3 /mnt/01D9961CD1E189D0/BWS/CareerWithoutBarrier/career-without-barrier/vendor/laravel/framework/src/Illuminate/Database/MySqlConnection.php(34): Illuminate\\Database\\Connection->run()
#4 /mnt/01D9961CD1E189D0/BWS/CareerWithoutBarrier/career-without-barrier/vendor/laravel/framework/src/Illuminate/Database/Query/Processors/MySqlProcessor.php(35): Illuminate\\Database\\MySqlConnection->insert()
#5 /mnt/01D9961CD1E189D0/BWS/CareerWithoutBarrier/career-without-barrier/vendor/laravel/framework/src/Illuminate/Database/Query/Builder.php(3507): Illuminate\\Database\\Query\\Processors\\MySqlProcessor->processInsertGetId()
#6 /mnt/01D9961CD1E189D0/BWS/CareerWithoutBarrier/career-without-barrier/vendor/laravel/framework/src/Illuminate/Database/Eloquent/Builder.php(1982): Illuminate\\Database\\Query\\Builder->insertGetId()
#7 /mnt/01D9961CD1E189D0/BWS/CareerWithoutBarrier/career-without-barrier/vendor/laravel/framework/src/Illuminate/Database/Eloquent/Model.php(1334): Illuminate\\Database\\Eloquent\\Builder->__call()
#8 /mnt/01D9961CD1E189D0/BWS/CareerWithoutBarrier/career-without-barrier/vendor/laravel/framework/src/Illuminate/Database/Eloquent/Model.php(1299): Illuminate\\Database\\Eloquent\\Model->insertAndSetId()
#9 /mnt/01D9961CD1E189D0/BWS/CareerWithoutBarrier/career-without-barrier/vendor/laravel/framework/src/Illuminate/Database/Eloquent/Model.php(1138): Illuminate\\Database\\Eloquent\\Model->performInsert()
#10 /mnt/01D9961CD1E189D0/BWS/CareerWithoutBarrier/career-without-barrier/app/Http/Controllers/Api/ApplicationController.php(350): Illuminate\\Database\\Eloquent\\Model->save()
#11 /mnt/01D9961CD1E189D0/BWS/CareerWithoutBarrier/career-without-barrier/vendor/laravel/framework/src/Illuminate/Routing/Controller.php(54): App\\Http\\Controllers\\Api\\ApplicationController->studentPaymentCallback()
#12 /mnt/01D9961CD1E189D0/BWS/CareerWithoutBarrier/career-without-barrier/vendor/laravel/framework/src/Illuminate/Routing/ControllerDispatcher.php(43): Illuminate\\Routing\\Controller->callAction()
#13 /mnt/01D9961CD1E189D0/BWS/CareerWithoutBarrier/career-without-barrier/vendor/laravel/framework/src/Illuminate/Routing/Route.php(259): Illuminate\\Routing\\ControllerDispatcher->dispatch()
#14 /mnt/01D9961CD1E189D0/BWS/CareerWithoutBarrier/career-without-barrier/vendor/laravel/framework/src/Illuminate/Routing/Route.php(205): Illuminate\\Routing\\Route->runController()
#15 /mnt/01D9961CD1E189D0/BWS/CareerWithoutBarrier/career-without-barrier/vendor/laravel/framework/src/Illuminate/Routing/Router.php(806): Illuminate\\Routing\\Route->run()
#16 /mnt/01D9961CD1E189D0/BWS/CareerWithoutBarrier/career-without-barrier/vendor/laravel/framework/src/Illuminate/Pipeline/Pipeline.php(144): Illuminate\\Routing\\Router->Illuminate\\Routing\\{closure}()
#17 /mnt/01D9961CD1E189D0/BWS/CareerWithoutBarrier/career-without-barrier/vendor/laravel/framework/src/Illuminate/Routing/Middleware/SubstituteBindings.php(50): Illuminate\\Pipeline\\Pipeline->Illuminate\\Pipeline\\{closure}()
#18 /mnt/01D9961CD1E189D0/BWS/CareerWithoutBarrier/career-without-barrier/vendor/laravel/framework/src/Illuminate/Pipeline/Pipeline.php(183): Illuminate\\Routing\\Middleware\\SubstituteBindings->handle()
#19 /mnt/01D9961CD1E189D0/BWS/CareerWithoutBarrier/career-without-barrier/vendor/laravel/framework/src/Illuminate/Routing/Middleware/ThrottleRequests.php(159): Illuminate\\Pipeline\\Pipeline->Illuminate\\Pipeline\\{closure}()
#20 /mnt/01D9961CD1E189D0/BWS/CareerWithoutBarrier/career-without-barrier/vendor/laravel/framework/src/Illuminate/Routing/Middleware/ThrottleRequests.php(125): Illuminate\\Routing\\Middleware\\ThrottleRequests->handleRequest()
#21 /mnt/01D9961CD1E189D0/BWS/CareerWithoutBarrier/career-without-barrier/vendor/laravel/framework/src/Illuminate/Routing/Middleware/ThrottleRequests.php(87): Illuminate\\Routing\\Middleware\\ThrottleRequests->handleRequestUsingNamedLimiter()
#22 /mnt/01D9961CD1E189D0/BWS/CareerWithoutBarrier/career-without-barrier/vendor/laravel/framework/src/Illuminate/Pipeline/Pipeline.php(183): Illuminate\\Routing\\Middleware\\ThrottleRequests->handle()
#23 /mnt/01D9961CD1E189D0/BWS/CareerWithoutBarrier/career-without-barrier/vendor/laravel/framework/src/Illuminate/Auth/Middleware/Authenticate.php(57): Illuminate\\Pipeline\\Pipeline->Illuminate\\Pipeline\\{closure}()
#24 /mnt/01D9961CD1E189D0/BWS/CareerWithoutBarrier/career-without-barrier/vendor/laravel/framework/src/Illuminate/Pipeline/Pipeline.php(183): Illuminate\\Auth\\Middleware\\Authenticate->handle()
#25 /mnt/01D9961CD1E189D0/BWS/CareerWithoutBarrier/career-without-barrier/vendor/laravel/framework/src/Illuminate/Pipeline/Pipeline.php(119): Illuminate\\Pipeline\\Pipeline->Illuminate\\Pipeline\\{closure}()
#26 /mnt/01D9961CD1E189D0/BWS/CareerWithoutBarrier/career-without-barrier/vendor/laravel/framework/src/Illuminate/Routing/Router.php(805): Illuminate\\Pipeline\\Pipeline->then()
#27 /mnt/01D9961CD1E189D0/BWS/CareerWithoutBarrier/career-without-barrier/vendor/laravel/framework/src/Illuminate/Routing/Router.php(784): Illuminate\\Routing\\Router->runRouteWithinStack()
#28 /mnt/01D9961CD1E189D0/BWS/CareerWithoutBarrier/career-without-barrier/vendor/laravel/framework/src/Illuminate/Routing/Router.php(748): Illuminate\\Routing\\Router->runRoute()
#29 /mnt/01D9961CD1E189D0/BWS/CareerWithoutBarrier/career-without-barrier/vendor/laravel/framework/src/Illuminate/Routing/Router.php(737): Illuminate\\Routing\\Router->dispatchToRoute()
#30 /mnt/01D9961CD1E189D0/BWS/CareerWithoutBarrier/career-without-barrier/vendor/laravel/framework/src/Illuminate/Foundation/Http/Kernel.php(200): Illuminate\\Routing\\Router->dispatch()
#31 /mnt/01D9961CD1E189D0/BWS/CareerWithoutBarrier/career-without-barrier/vendor/laravel/framework/src/Illuminate/Pipeline/Pipeline.php(144): Illuminate\\Foundation\\Http\\Kernel->Illuminate\\Foundation\\Http\\{closure}()
#32 /mnt/01D9961CD1E189D0/BWS/CareerWithoutBarrier/career-without-barrier/vendor/barryvdh/laravel-debugbar/src/Middleware/InjectDebugbar.php(66): Illuminate\\Pipeline\\Pipeline->Illuminate\\Pipeline\\{closure}()
#33 /mnt/01D9961CD1E189D0/BWS/CareerWithoutBarrier/career-without-barrier/vendor/laravel/framework/src/Illuminate/Pipeline/Pipeline.php(183): Barryvdh\\Debugbar\\Middleware\\InjectDebugbar->handle()
#34 /mnt/01D9961CD1E189D0/BWS/CareerWithoutBarrier/career-without-barrier/vendor/livewire/livewire/src/Features/SupportDisablingBackButtonCache/DisableBackButtonCacheMiddleware.php(19): Illuminate\\Pipeline\\Pipeline->Illuminate\\Pipeline\\{closure}()
#35 /mnt/01D9961CD1E189D0/BWS/CareerWithoutBarrier/career-without-barrier/vendor/laravel/framework/src/Illuminate/Pipeline/Pipeline.php(183): Livewire\\Features\\SupportDisablingBackButtonCache\\DisableBackButtonCacheMiddleware->handle()
#36 /mnt/01D9961CD1E189D0/BWS/CareerWithoutBarrier/career-without-barrier/vendor/laravel/framework/src/Illuminate/Foundation/Http/Middleware/TransformsRequest.php(21): Illuminate\\Pipeline\\Pipeline->Illuminate\\Pipeline\\{closure}()
#37 /mnt/01D9961CD1E189D0/BWS/CareerWithoutBarrier/career-without-barrier/vendor/laravel/framework/src/Illuminate/Foundation/Http/Middleware/ConvertEmptyStringsToNull.php(31): Illuminate\\Foundation\\Http\\Middleware\\TransformsRequest->handle()
#38 /mnt/01D9961CD1E189D0/BWS/CareerWithoutBarrier/career-without-barrier/vendor/laravel/framework/src/Illuminate/Pipeline/Pipeline.php(183): Illuminate\\Foundation\\Http\\Middleware\\ConvertEmptyStringsToNull->handle()
#39 /mnt/01D9961CD1E189D0/BWS/CareerWithoutBarrier/career-without-barrier/vendor/laravel/framework/src/Illuminate/Foundation/Http/Middleware/TransformsRequest.php(21): Illuminate\\Pipeline\\Pipeline->Illuminate\\Pipeline\\{closure}()
#40 /mnt/01D9961CD1E189D0/BWS/CareerWithoutBarrier/career-without-barrier/vendor/laravel/framework/src/Illuminate/Foundation/Http/Middleware/TrimStrings.php(40): Illuminate\\Foundation\\Http\\Middleware\\TransformsRequest->handle()
#41 /mnt/01D9961CD1E189D0/BWS/CareerWithoutBarrier/career-without-barrier/vendor/laravel/framework/src/Illuminate/Pipeline/Pipeline.php(183): Illuminate\\Foundation\\Http\\Middleware\\TrimStrings->handle()
#42 /mnt/01D9961CD1E189D0/BWS/CareerWithoutBarrier/career-without-barrier/vendor/laravel/framework/src/Illuminate/Foundation/Http/Middleware/ValidatePostSize.php(27): Illuminate\\Pipeline\\Pipeline->Illuminate\\Pipeline\\{closure}()
#43 /mnt/01D9961CD1E189D0/BWS/CareerWithoutBarrier/career-without-barrier/vendor/laravel/framework/src/Illuminate/Pipeline/Pipeline.php(183): Illuminate\\Foundation\\Http\\Middleware\\ValidatePostSize->handle()
#44 /mnt/01D9961CD1E189D0/BWS/CareerWithoutBarrier/career-without-barrier/vendor/laravel/framework/src/Illuminate/Foundation/Http/Middleware/PreventRequestsDuringMaintenance.php(99): Illuminate\\Pipeline\\Pipeline->Illuminate\\Pipeline\\{closure}()
#45 /mnt/01D9961CD1E189D0/BWS/CareerWithoutBarrier/career-without-barrier/vendor/laravel/framework/src/Illuminate/Pipeline/Pipeline.php(183): Illuminate\\Foundation\\Http\\Middleware\\PreventRequestsDuringMaintenance->handle()
#46 /mnt/01D9961CD1E189D0/BWS/CareerWithoutBarrier/career-without-barrier/vendor/laravel/framework/src/Illuminate/Http/Middleware/HandleCors.php(62): Illuminate\\Pipeline\\Pipeline->Illuminate\\Pipeline\\{closure}()
#47 /mnt/01D9961CD1E189D0/BWS/CareerWithoutBarrier/career-without-barrier/vendor/laravel/framework/src/Illuminate/Pipeline/Pipeline.php(183): Illuminate\\Http\\Middleware\\HandleCors->handle()
#48 /mnt/01D9961CD1E189D0/BWS/CareerWithoutBarrier/career-without-barrier/vendor/laravel/framework/src/Illuminate/Http/Middleware/TrustProxies.php(39): Illuminate\\Pipeline\\Pipeline->Illuminate\\Pipeline\\{closure}()
#49 /mnt/01D9961CD1E189D0/BWS/CareerWithoutBarrier/career-without-barrier/vendor/laravel/framework/src/Illuminate/Pipeline/Pipeline.php(183): Illuminate\\Http\\Middleware\\TrustProxies->handle()
#50 /mnt/01D9961CD1E189D0/BWS/CareerWithoutBarrier/career-without-barrier/vendor/laravel/framework/src/Illuminate/Pipeline/Pipeline.php(119): Illuminate\\Pipeline\\Pipeline->Illuminate\\Pipeline\\{closure}()
#51 /mnt/01D9961CD1E189D0/BWS/CareerWithoutBarrier/career-without-barrier/vendor/laravel/framework/src/Illuminate/Foundation/Http/Kernel.php(175): Illuminate\\Pipeline\\Pipeline->then()
#52 /mnt/01D9961CD1E189D0/BWS/CareerWithoutBarrier/career-without-barrier/vendor/laravel/framework/src/Illuminate/Foundation/Http/Kernel.php(144): Illuminate\\Foundation\\Http\\Kernel->sendRequestThroughRouter()
#53 /mnt/01D9961CD1E189D0/BWS/CareerWithoutBarrier/career-without-barrier/public/index.php(51): Illuminate\\Foundation\\Http\\Kernel->handle()
#54 /mnt/01D9961CD1E189D0/BWS/CareerWithoutBarrier/career-without-barrier/vendor/laravel/framework/src/Illuminate/Foundation/resources/server.php(16): require_once('...')
#55 {main}
"] 
